<?xml version="1.0" encoding="UTF-8"?>
<coverage generated="1635909952446" clover="3.2.0">
  <project timestamp="1635909952446" name="All files">
    <metrics statements="230" coveredstatements="131" conditionals="60" coveredconditionals="12" methods="92" coveredmethods="52" elements="382" coveredelements="195" complexity="0" loc="230" ncloc="230" packages="7" files="31" classes="31"/>
    <package name="components">
      <metrics statements="5" coveredstatements="5" conditionals="0" coveredconditionals="0" methods="3" coveredmethods="3"/>
      <file name="TempTopBanner.jsx" path="/Users/julieyu/Documents/hack-reactor/fec/client/components/TempTopBanner.jsx">
        <metrics statements="2" coveredstatements="2" conditionals="0" coveredconditionals="0" methods="1" coveredmethods="1"/>
        <line num="3" count="4" type="stmt"/>
        <line num="5" count="7" type="stmt"/>
      </file>
      <file name="app.jsx" path="/Users/julieyu/Documents/hack-reactor/fec/client/components/app.jsx">
        <metrics statements="3" coveredstatements="3" conditionals="0" coveredconditionals="0" methods="2" coveredmethods="2"/>
        <line num="10" count="7" type="stmt"/>
        <line num="11" count="7" type="stmt"/>
        <line num="18" count="7" type="stmt"/>
      </file>
    </package>
    <package name="components.Global">
      <metrics statements="36" coveredstatements="14" conditionals="12" coveredconditionals="1" methods="7" coveredmethods="3"/>
      <file name="Price.jsx" path="/Users/julieyu/Documents/hack-reactor/fec/client/components/Global/Price.jsx">
        <metrics statements="4" coveredstatements="1" conditionals="2" coveredconditionals="0" methods="1" coveredmethods="0"/>
        <line num="3" count="5" type="stmt"/>
        <line num="4" count="0" type="cond" truecount="0" falsecount="2"/>
        <line num="5" count="0" type="stmt"/>
        <line num="12" count="0" type="stmt"/>
      </file>
      <file name="Stars.jsx" path="/Users/julieyu/Documents/hack-reactor/fec/client/components/Global/Stars.jsx">
        <metrics statements="32" coveredstatements="13" conditionals="10" coveredconditionals="1" methods="6" coveredmethods="3"/>
        <line num="5" count="4" type="stmt"/>
        <line num="13" count="4" type="stmt"/>
        <line num="14" count="8" type="stmt"/>
        <line num="16" count="8" type="stmt"/>
        <line num="17" count="8" type="stmt"/>
        <line num="22" count="8" type="stmt"/>
        <line num="23" count="0" type="stmt"/>
        <line num="26" count="0" type="stmt"/>
        <line num="30" count="8" type="stmt"/>
        <line num="31" count="0" type="stmt"/>
        <line num="32" count="0" type="stmt"/>
        <line num="33" count="0" type="stmt"/>
        <line num="34" count="0" type="stmt"/>
        <line num="36" count="0" type="cond" truecount="0" falsecount="4"/>
        <line num="37" count="0" type="stmt"/>
        <line num="38" count="0" type="stmt"/>
        <line num="41" count="0" type="cond" truecount="0" falsecount="2"/>
        <line num="42" count="0" type="stmt"/>
        <line num="43" count="0" type="stmt"/>
        <line num="45" count="0" type="stmt"/>
        <line num="46" count="0" type="stmt"/>
        <line num="52" count="8" type="stmt"/>
        <line num="53" count="8" type="stmt"/>
        <line num="55" count="8" type="cond" truecount="1" falsecount="1"/>
        <line num="56" count="8" type="stmt"/>
        <line num="57" count="0" type="cond" truecount="0" falsecount="2"/>
        <line num="58" count="0" type="stmt"/>
        <line num="60" count="0" type="stmt"/>
        <line num="61" count="0" type="stmt"/>
        <line num="62" count="0" type="stmt"/>
        <line num="66" count="8" type="stmt"/>
        <line num="67" count="8" type="stmt"/>
      </file>
    </package>
    <package name="components.ProductOverview">
      <metrics statements="12" coveredstatements="9" conditionals="0" coveredconditionals="0" methods="9" coveredmethods="6"/>
      <file name="AddToCart.jsx" path="/Users/julieyu/Documents/hack-reactor/fec/client/components/ProductOverview/AddToCart.jsx">
        <metrics statements="2" coveredstatements="2" conditionals="0" coveredconditionals="0" methods="1" coveredmethods="1"/>
        <line num="4" count="4" type="stmt"/>
        <line num="6" count="7" type="stmt"/>
      </file>
      <file name="ImageGallery.jsx" path="/Users/julieyu/Documents/hack-reactor/fec/client/components/ProductOverview/ImageGallery.jsx">
        <metrics statements="2" coveredstatements="2" conditionals="0" coveredconditionals="0" methods="1" coveredmethods="1"/>
        <line num="10" count="4" type="stmt"/>
        <line num="11" count="7" type="stmt"/>
      </file>
      <file name="ProductOverview.jsx" path="/Users/julieyu/Documents/hack-reactor/fec/client/components/ProductOverview/ProductOverview.jsx">
        <metrics statements="6" coveredstatements="3" conditionals="0" coveredconditionals="0" methods="6" coveredmethods="3"/>
        <line num="14" count="7" type="stmt"/>
        <line num="15" count="7" type="stmt"/>
        <line num="37" count="0" type="stmt"/>
        <line num="43" count="0" type="stmt"/>
        <line num="46" count="0" type="stmt"/>
        <line num="57" count="7" type="stmt"/>
      </file>
      <file name="StyleSelector.jsx" path="/Users/julieyu/Documents/hack-reactor/fec/client/components/ProductOverview/StyleSelector.jsx">
        <metrics statements="2" coveredstatements="2" conditionals="0" coveredconditionals="0" methods="1" coveredmethods="1"/>
        <line num="4" count="4" type="stmt"/>
        <line num="6" count="7" type="stmt"/>
      </file>
    </package>
    <package name="components.ProductOverview.ImageGalleryDir">
      <metrics statements="10" coveredstatements="10" conditionals="0" coveredconditionals="0" methods="5" coveredmethods="5"/>
      <file name="ArrowLeft.jsx" path="/Users/julieyu/Documents/hack-reactor/fec/client/components/ProductOverview/ImageGalleryDir/ArrowLeft.jsx">
        <metrics statements="2" coveredstatements="2" conditionals="0" coveredconditionals="0" methods="1" coveredmethods="1"/>
        <line num="4" count="4" type="stmt"/>
        <line num="6" count="7" type="stmt"/>
      </file>
      <file name="ArrowRight.jsx" path="/Users/julieyu/Documents/hack-reactor/fec/client/components/ProductOverview/ImageGalleryDir/ArrowRight.jsx">
        <metrics statements="2" coveredstatements="2" conditionals="0" coveredconditionals="0" methods="1" coveredmethods="1"/>
        <line num="6" count="4" type="stmt"/>
        <line num="10" count="7" type="stmt"/>
      </file>
      <file name="FullScreen.jsx" path="/Users/julieyu/Documents/hack-reactor/fec/client/components/ProductOverview/ImageGalleryDir/FullScreen.jsx">
        <metrics statements="2" coveredstatements="2" conditionals="0" coveredconditionals="0" methods="1" coveredmethods="1"/>
        <line num="5" count="4" type="stmt"/>
        <line num="10" count="7" type="stmt"/>
      </file>
      <file name="Thumbnail.jsx" path="/Users/julieyu/Documents/hack-reactor/fec/client/components/ProductOverview/ImageGalleryDir/Thumbnail.jsx">
        <metrics statements="2" coveredstatements="2" conditionals="0" coveredconditionals="0" methods="1" coveredmethods="1"/>
        <line num="4" count="4" type="stmt"/>
        <line num="6" count="35" type="stmt"/>
      </file>
      <file name="ThumbnailsBar.jsx" path="/Users/julieyu/Documents/hack-reactor/fec/client/components/ProductOverview/ImageGalleryDir/ThumbnailsBar.jsx">
        <metrics statements="2" coveredstatements="2" conditionals="0" coveredconditionals="0" methods="1" coveredmethods="1"/>
        <line num="5" count="4" type="stmt"/>
        <line num="7" count="7" type="stmt"/>
      </file>
    </package>
    <package name="components.QA">
      <metrics statements="67" coveredstatements="43" conditionals="22" coveredconditionals="7" methods="22" coveredmethods="12"/>
      <file name="Answer.jsx" path="/Users/julieyu/Documents/hack-reactor/fec/client/components/QA/Answer.jsx">
        <metrics statements="5" coveredstatements="5" conditionals="0" coveredconditionals="0" methods="2" coveredmethods="2"/>
        <line num="4" count="4" type="stmt"/>
        <line num="6" count="3" type="stmt"/>
        <line num="7" count="3" type="stmt"/>
        <line num="11" count="3" type="stmt"/>
        <line num="14" count="3" type="stmt"/>
      </file>
      <file name="QA.jsx" path="/Users/julieyu/Documents/hack-reactor/fec/client/components/QA/QA.jsx">
        <metrics statements="6" coveredstatements="4" conditionals="0" coveredconditionals="0" methods="5" coveredmethods="3"/>
        <line num="8" count="7" type="stmt"/>
        <line num="9" count="7" type="stmt"/>
        <line num="17" count="7" type="stmt"/>
        <line num="23" count="0" type="stmt"/>
        <line num="28" count="0" type="stmt"/>
        <line num="33" count="7" type="stmt"/>
      </file>
      <file name="Q_A.jsx" path="/Users/julieyu/Documents/hack-reactor/fec/client/components/QA/Q_A.jsx">
        <metrics statements="20" coveredstatements="9" conditionals="8" coveredconditionals="2" methods="5" coveredmethods="1"/>
        <line num="6" count="4" type="stmt"/>
        <line num="8" count="8" type="stmt"/>
        <line num="9" count="8" type="stmt"/>
        <line num="10" count="8" type="stmt"/>
        <line num="12" count="8" type="stmt"/>
        <line num="13" count="8" type="stmt"/>
        <line num="14" count="0" type="stmt"/>
        <line num="15" count="0" type="cond" truecount="0" falsecount="2"/>
        <line num="16" count="0" type="stmt"/>
        <line num="18" count="0" type="stmt"/>
        <line num="23" count="8" type="cond" truecount="1" falsecount="1"/>
        <line num="24" count="0" type="stmt"/>
        <line num="27" count="8" type="cond" truecount="1" falsecount="1"/>
        <line num="28" count="8" type="stmt"/>
        <line num="33" count="0" type="cond" truecount="0" falsecount="2"/>
        <line num="34" count="0" type="stmt"/>
        <line num="38" count="0" type="stmt"/>
        <line num="46" count="0" type="stmt"/>
        <line num="52" count="0" type="stmt"/>
        <line num="56" count="0" type="stmt"/>
      </file>
      <file name="Question.jsx" path="/Users/julieyu/Documents/hack-reactor/fec/client/components/QA/Question.jsx">
        <metrics statements="34" coveredstatements="23" conditionals="14" coveredconditionals="5" methods="9" coveredmethods="5"/>
        <line num="6" count="4" type="stmt"/>
        <line num="7" count="1" type="stmt"/>
        <line num="8" count="1" type="stmt"/>
        <line num="9" count="1" type="stmt"/>
        <line num="10" count="1" type="stmt"/>
        <line num="13" count="1" type="stmt"/>
        <line num="14" count="9" type="stmt"/>
        <line num="17" count="1" type="stmt"/>
        <line num="18" count="1" type="stmt"/>
        <line num="19" count="9" type="cond" truecount="1" falsecount="1"/>
        <line num="20" count="0" type="stmt"/>
        <line num="21" count="0" type="stmt"/>
        <line num="25" count="1" type="stmt"/>
        <line num="27" count="1" type="stmt"/>
        <line num="29" count="1" type="stmt"/>
        <line num="31" count="1" type="stmt"/>
        <line num="32" count="1" type="stmt"/>
        <line num="33" count="2" type="cond" truecount="1" falsecount="1"/>
        <line num="34" count="0" type="stmt"/>
        <line num="36" count="2" type="stmt"/>
        <line num="40" count="1" type="cond" truecount="1" falsecount="1"/>
        <line num="41" count="1" type="stmt"/>
        <line num="44" count="1" type="cond" truecount="1" falsecount="1"/>
        <line num="45" count="0" type="stmt"/>
        <line num="51" count="1" type="cond" truecount="1" falsecount="1"/>
        <line num="52" count="1" type="stmt"/>
        <line num="58" count="2" type="stmt"/>
        <line num="69" count="0" type="stmt"/>
        <line num="72" count="0" type="cond" truecount="0" falsecount="4"/>
        <line num="73" count="0" type="stmt"/>
        <line num="79" count="0" type="stmt"/>
        <line num="90" count="0" type="stmt"/>
        <line num="94" count="0" type="stmt"/>
        <line num="100" count="0" type="stmt"/>
      </file>
      <file name="Search.jsx" path="/Users/julieyu/Documents/hack-reactor/fec/client/components/QA/Search.jsx">
        <metrics statements="2" coveredstatements="2" conditionals="0" coveredconditionals="0" methods="1" coveredmethods="1"/>
        <line num="3" count="4" type="stmt"/>
        <line num="4" count="8" type="stmt"/>
      </file>
    </package>
    <package name="components.Related">
      <metrics statements="54" coveredstatements="21" conditionals="14" coveredconditionals="0" methods="19" coveredmethods="6"/>
      <file name="ActionButton.jsx" path="/Users/julieyu/Documents/hack-reactor/fec/client/components/Related/ActionButton.jsx">
        <metrics statements="9" coveredstatements="1" conditionals="2" coveredconditionals="0" methods="2" coveredmethods="0"/>
        <line num="3" count="5" type="stmt"/>
        <line num="4" count="0" type="stmt"/>
        <line num="6" count="0" type="stmt"/>
        <line num="7" count="0" type="stmt"/>
        <line num="8" count="0" type="stmt"/>
        <line num="13" count="0" type="cond" truecount="0" falsecount="2"/>
        <line num="14" count="0" type="stmt"/>
        <line num="16" count="0" type="stmt"/>
        <line num="19" count="0" type="stmt"/>
      </file>
      <file name="LeftButton.jsx" path="/Users/julieyu/Documents/hack-reactor/fec/client/components/Related/LeftButton.jsx">
        <metrics statements="2" coveredstatements="2" conditionals="0" coveredconditionals="0" methods="1" coveredmethods="1"/>
        <line num="3" count="5" type="stmt"/>
        <line num="4" count="14" type="stmt"/>
      </file>
      <file name="Outfit.jsx" path="/Users/julieyu/Documents/hack-reactor/fec/client/components/Related/Outfit.jsx">
        <metrics statements="4" coveredstatements="3" conditionals="0" coveredconditionals="0" methods="2" coveredmethods="1"/>
        <line num="6" count="5" type="stmt"/>
        <line num="7" count="7" type="stmt"/>
        <line num="8" count="0" type="stmt"/>
        <line num="24" count="7" type="stmt"/>
      </file>
      <file name="ProductCard.jsx" path="/Users/julieyu/Documents/hack-reactor/fec/client/components/Related/ProductCard.jsx">
        <metrics statements="10" coveredstatements="1" conditionals="6" coveredconditionals="0" methods="3" coveredmethods="0"/>
        <line num="6" count="5" type="stmt"/>
        <line num="7" count="0" type="stmt"/>
        <line num="8" count="0" type="stmt"/>
        <line num="9" count="0" type="stmt"/>
        <line num="12" count="0" type="stmt"/>
        <line num="13" count="0" type="stmt"/>
        <line num="19" count="0" type="cond" truecount="0" falsecount="2"/>
        <line num="20" count="0" type="stmt"/>
        <line num="24" count="0" type="cond" truecount="0" falsecount="2"/>
        <line num="30" count="0" type="stmt"/>
      </file>
      <file name="ProductComparison.jsx" path="/Users/julieyu/Documents/hack-reactor/fec/client/components/Related/ProductComparison.jsx">
        <metrics statements="2" coveredstatements="1" conditionals="0" coveredconditionals="0" methods="1" coveredmethods="0"/>
        <line num="3" count="5" type="stmt"/>
        <line num="4" count="0" type="stmt"/>
      </file>
      <file name="Related.jsx" path="/Users/julieyu/Documents/hack-reactor/fec/client/components/Related/Related.jsx">
        <metrics statements="21" coveredstatements="8" conditionals="6" coveredconditionals="0" methods="7" coveredmethods="2"/>
        <line num="7" count="5" type="stmt"/>
        <line num="8" count="8" type="stmt"/>
        <line num="9" count="8" type="stmt"/>
        <line num="10" count="8" type="stmt"/>
        <line num="12" count="8" type="stmt"/>
        <line num="13" count="7" type="stmt"/>
        <line num="15" count="0" type="stmt"/>
        <line num="18" count="0" type="stmt"/>
        <line num="22" count="8" type="stmt"/>
        <line num="23" count="0" type="cond" truecount="0" falsecount="2"/>
        <line num="24" count="0" type="stmt"/>
        <line num="26" count="0" type="cond" truecount="0" falsecount="2"/>
        <line num="28" count="0" type="stmt"/>
        <line num="29" count="0" type="stmt"/>
        <line num="30" count="0" type="cond" truecount="0" falsecount="2"/>
        <line num="31" count="0" type="stmt"/>
        <line num="36" count="0" type="stmt"/>
        <line num="37" count="0" type="stmt"/>
        <line num="38" count="0" type="stmt"/>
        <line num="40" count="0" type="stmt"/>
        <line num="44" count="8" type="stmt"/>
      </file>
      <file name="RelatedProducts.jsx" path="/Users/julieyu/Documents/hack-reactor/fec/client/components/Related/RelatedProducts.jsx">
        <metrics statements="4" coveredstatements="3" conditionals="0" coveredconditionals="0" methods="2" coveredmethods="1"/>
        <line num="6" count="5" type="stmt"/>
        <line num="7" count="7" type="stmt"/>
        <line num="8" count="0" type="stmt"/>
        <line num="24" count="7" type="stmt"/>
      </file>
      <file name="RightButton.jsx" path="/Users/julieyu/Documents/hack-reactor/fec/client/components/Related/RightButton.jsx">
        <metrics statements="2" coveredstatements="2" conditionals="0" coveredconditionals="0" methods="1" coveredmethods="1"/>
        <line num="3" count="5" type="stmt"/>
        <line num="4" count="14" type="stmt"/>
      </file>
    </package>
    <package name="components.Reviews">
      <metrics statements="46" coveredstatements="29" conditionals="12" coveredconditionals="4" methods="27" coveredmethods="17"/>
      <file name="Ratings.jsx" path="/Users/julieyu/Documents/hack-reactor/fec/client/components/Reviews/Ratings.jsx">
        <metrics statements="2" coveredstatements="2" conditionals="0" coveredconditionals="0" methods="2" coveredmethods="2"/>
        <line num="6" count="8" type="stmt"/>
        <line num="11" count="8" type="stmt"/>
      </file>
      <file name="Reviews.jsx" path="/Users/julieyu/Documents/hack-reactor/fec/client/components/Reviews/Reviews.jsx">
        <metrics statements="22" coveredstatements="7" conditionals="6" coveredconditionals="0" methods="13" coveredmethods="4"/>
        <line num="8" count="9" type="stmt"/>
        <line num="9" count="9" type="stmt"/>
        <line num="17" count="9" type="stmt"/>
        <line num="22" count="9" type="stmt"/>
        <line num="23" count="0" type="stmt"/>
        <line num="26" count="0" type="stmt"/>
        <line num="31" count="0" type="cond" truecount="0" falsecount="2"/>
        <line num="32" count="0" type="stmt"/>
        <line num="35" count="0" type="cond" truecount="0" falsecount="2"/>
        <line num="36" count="0" type="stmt"/>
        <line num="39" count="0" type="cond" truecount="0" falsecount="2"/>
        <line num="40" count="0" type="stmt"/>
        <line num="47" count="0" type="stmt"/>
        <line num="48" count="0" type="stmt"/>
        <line num="52" count="0" type="stmt"/>
        <line num="53" count="0" type="stmt"/>
        <line num="58" count="0" type="stmt"/>
        <line num="64" count="9" type="stmt"/>
        <line num="68" count="9" type="stmt"/>
        <line num="69" count="0" type="stmt"/>
        <line num="74" count="0" type="stmt"/>
        <line num="79" count="9" type="stmt"/>
      </file>
      <file name="ReviewsList.jsx" path="/Users/julieyu/Documents/hack-reactor/fec/client/components/Reviews/ReviewsList.jsx">
        <metrics statements="8" coveredstatements="7" conditionals="2" coveredconditionals="1" methods="6" coveredmethods="5"/>
        <line num="8" count="9" type="stmt"/>
        <line num="9" count="9" type="stmt"/>
        <line num="15" count="0" type="stmt"/>
        <line num="21" count="9" type="cond" truecount="1" falsecount="1"/>
        <line num="22" count="9" type="stmt"/>
        <line num="27" count="9" type="stmt"/>
        <line num="32" count="4" type="stmt"/>
        <line num="33" count="2" type="stmt"/>
      </file>
      <file name="ReviewsListEntry.jsx" path="/Users/julieyu/Documents/hack-reactor/fec/client/components/Reviews/ReviewsListEntry.jsx">
        <metrics statements="12" coveredstatements="11" conditionals="4" coveredconditionals="3" methods="5" coveredmethods="5"/>
        <line num="6" count="2" type="stmt"/>
        <line num="7" count="2" type="stmt"/>
        <line num="12" count="2" type="cond" truecount="2" falsecount="0"/>
        <line num="13" count="1" type="stmt"/>
        <line num="18" count="2" type="stmt"/>
        <line num="19" count="2" type="stmt"/>
        <line num="20" count="2" type="stmt"/>
        <line num="21" count="2" type="stmt"/>
        <line num="22" count="2" type="stmt"/>
        <line num="26" count="2" type="cond" truecount="1" falsecount="1"/>
        <line num="27" count="0" type="stmt"/>
        <line num="32" count="2" type="stmt"/>
      </file>
      <file name="SortBy.jsx" path="/Users/julieyu/Documents/hack-reactor/fec/client/components/Reviews/SortBy.jsx">
        <metrics statements="2" coveredstatements="2" conditionals="0" coveredconditionals="0" methods="1" coveredmethods="1"/>
        <line num="4" count="4" type="stmt"/>
        <line num="5" count="9" type="stmt"/>
      </file>
    </package>
  </project>
</coverage>
