{"/Users/julieyu/Documents/hack-reactor/fec/client/components/TempTopBanner.jsx": {"path":"/Users/julieyu/Documents/hack-reactor/fec/client/components/TempTopBanner.jsx","statementMap":{"0":{"start":{"line":3,"column":22},"end":{"line":15,"column":4}},"1":{"start":{"line":5,"column":2},"end":{"line":15,"column":3}}},"fnMap":{"0":{"name":"(anonymous_0)","decl":{"start":{"line":3,"column":22},"end":{"line":3,"column":23}},"loc":{"start":{"line":3,"column":28},"end":{"line":15,"column":4}},"line":3}},"branchMap":{},"s":{"0":4,"1":7},"f":{"0":7},"b":{},"_coverageSchema":"1a1c01bbd47fc00a2c39e90264f33305004495a9","hash":"b92bdfc50768fcb1e1135a4f722117fae31e4bc4"}
,"/Users/julieyu/Documents/hack-reactor/fec/client/components/app.jsx": {"path":"/Users/julieyu/Documents/hack-reactor/fec/client/components/app.jsx","statementMap":{"0":{"start":{"line":10,"column":4},"end":{"line":10,"column":17}},"1":{"start":{"line":11,"column":4},"end":{"line":13,"column":6}},"2":{"start":{"line":18,"column":4},"end":{"line":26,"column":6}}},"fnMap":{"0":{"name":"(anonymous_0)","decl":{"start":{"line":9,"column":2},"end":{"line":9,"column":3}},"loc":{"start":{"line":9,"column":21},"end":{"line":14,"column":3}},"line":9},"1":{"name":"(anonymous_1)","decl":{"start":{"line":17,"column":2},"end":{"line":17,"column":3}},"loc":{"start":{"line":17,"column":12},"end":{"line":27,"column":3}},"line":17}},"branchMap":{},"s":{"0":7,"1":7,"2":7},"f":{"0":7,"1":7},"b":{},"_coverageSchema":"1a1c01bbd47fc00a2c39e90264f33305004495a9","hash":"96e7ae0bddd59b2f230b36b187777fe06ea5f2c2"}
,"/Users/julieyu/Documents/hack-reactor/fec/client/components/Global/Price.jsx": {"path":"/Users/julieyu/Documents/hack-reactor/fec/client/components/Global/Price.jsx","statementMap":{"0":{"start":{"line":3,"column":14},"end":{"line":16,"column":1}},"1":{"start":{"line":4,"column":2},"end":{"line":15,"column":3}},"2":{"start":{"line":5,"column":4},"end":{"line":10,"column":6}},"3":{"start":{"line":12,"column":4},"end":{"line":14,"column":6}}},"fnMap":{"0":{"name":"(anonymous_0)","decl":{"start":{"line":3,"column":14},"end":{"line":3,"column":15}},"loc":{"start":{"line":3,"column":25},"end":{"line":16,"column":1}},"line":3}},"branchMap":{"0":{"loc":{"start":{"line":4,"column":2},"end":{"line":15,"column":3}},"type":"if","locations":[{"start":{"line":4,"column":2},"end":{"line":15,"column":3}},{"start":{"line":11,"column":9},"end":{"line":15,"column":3}}],"line":4}},"s":{"0":5,"1":0,"2":0,"3":0},"f":{"0":0},"b":{"0":[0,0]},"_coverageSchema":"1a1c01bbd47fc00a2c39e90264f33305004495a9","hash":"093fefa39099011c378e30691e812a6ac90138a7"}
,"/Users/julieyu/Documents/hack-reactor/fec/client/components/Global/Stars.jsx": {"path":"/Users/julieyu/Documents/hack-reactor/fec/client/components/Global/Stars.jsx","statementMap":{"0":{"start":{"line":5,"column":17},"end":{"line":11,"column":1}},"1":{"start":{"line":13,"column":14},"end":{"line":72,"column":1}},"2":{"start":{"line":14,"column":30},"end":{"line":14,"column":43}},"3":{"start":{"line":16,"column":2},"end":{"line":28,"column":9}},"4":{"start":{"line":17,"column":18},"end":{"line":21,"column":5}},"5":{"start":{"line":22,"column":4},"end":{"line":27,"column":9}},"6":{"start":{"line":23,"column":6},"end":{"line":23,"column":36}},"7":{"start":{"line":26,"column":8},"end":{"line":26,"column":49}},"8":{"start":{"line":30,"column":30},"end":{"line":50,"column":3}},"9":{"start":{"line":31,"column":18},"end":{"line":31,"column":38}},"10":{"start":{"line":32,"column":4},"end":{"line":49,"column":5}},"11":{"start":{"line":32,"column":17},"end":{"line":32,"column":18}},"12":{"start":{"line":33,"column":24},"end":{"line":33,"column":34}},"13":{"start":{"line":34,"column":22},"end":{"line":34,"column":36}},"14":{"start":{"line":36,"column":6},"end":{"line":48,"column":7}},"15":{"start":{"line":37,"column":24},"end":{"line":37,"column":45}},"16":{"start":{"line":38,"column":22},"end":{"line":38,"column":41}},"17":{"start":{"line":41,"column":8},"end":{"line":47,"column":9}},"18":{"start":{"line":42,"column":10},"end":{"line":42,"column":24}},"19":{"start":{"line":43,"column":10},"end":{"line":43,"column":23}},"20":{"start":{"line":45,"column":10},"end":{"line":45,"column":20}},"21":{"start":{"line":46,"column":10},"end":{"line":46,"column":23}},"22":{"start":{"line":52,"column":25},"end":{"line":64,"column":3}},"23":{"start":{"line":53,"column":18},"end":{"line":53,"column":35}},"24":{"start":{"line":55,"column":4},"end":{"line":63,"column":5}},"25":{"start":{"line":56,"column":6},"end":{"line":56,"column":18}},"26":{"start":{"line":57,"column":11},"end":{"line":63,"column":5}},"27":{"start":{"line":58,"column":6},"end":{"line":58,"column":38}},"28":{"start":{"line":60,"column":20},"end":{"line":60,"column":61}},"29":{"start":{"line":61,"column":18},"end":{"line":61,"column":46}},"30":{"start":{"line":62,"column":6},"end":{"line":62,"column":40}},"31":{"start":{"line":66,"column":16},"end":{"line":66,"column":49}},"32":{"start":{"line":67,"column":2},"end":{"line":71,"column":4}}},"fnMap":{"0":{"name":"(anonymous_0)","decl":{"start":{"line":13,"column":14},"end":{"line":13,"column":15}},"loc":{"start":{"line":13,"column":25},"end":{"line":72,"column":1}},"line":13},"1":{"name":"(anonymous_1)","decl":{"start":{"line":16,"column":12},"end":{"line":16,"column":13}},"loc":{"start":{"line":16,"column":18},"end":{"line":28,"column":3}},"line":16},"2":{"name":"(anonymous_2)","decl":{"start":{"line":22,"column":32},"end":{"line":22,"column":33}},"loc":{"start":{"line":22,"column":44},"end":{"line":24,"column":5}},"line":22},"3":{"name":"(anonymous_3)","decl":{"start":{"line":25,"column":13},"end":{"line":25,"column":14}},"loc":{"start":{"line":25,"column":22},"end":{"line":27,"column":7}},"line":25},"4":{"name":"(anonymous_4)","decl":{"start":{"line":30,"column":30},"end":{"line":30,"column":31}},"loc":{"start":{"line":30,"column":43},"end":{"line":50,"column":3}},"line":30},"5":{"name":"(anonymous_5)","decl":{"start":{"line":52,"column":25},"end":{"line":52,"column":26}},"loc":{"start":{"line":52,"column":36},"end":{"line":64,"column":3}},"line":52}},"branchMap":{"0":{"loc":{"start":{"line":36,"column":6},"end":{"line":48,"column":7}},"type":"if","locations":[{"start":{"line":36,"column":6},"end":{"line":48,"column":7}},{"start":{},"end":{}}],"line":36},"1":{"loc":{"start":{"line":36,"column":10},"end":{"line":36,"column":55}},"type":"binary-expr","locations":[{"start":{"line":36,"column":10},"end":{"line":36,"column":32}},{"start":{"line":36,"column":36},"end":{"line":36,"column":55}}],"line":36},"2":{"loc":{"start":{"line":41,"column":8},"end":{"line":47,"column":9}},"type":"if","locations":[{"start":{"line":41,"column":8},"end":{"line":47,"column":9}},{"start":{"line":44,"column":15},"end":{"line":47,"column":9}}],"line":41},"3":{"loc":{"start":{"line":55,"column":4},"end":{"line":63,"column":5}},"type":"if","locations":[{"start":{"line":55,"column":4},"end":{"line":63,"column":5}},{"start":{"line":57,"column":11},"end":{"line":63,"column":5}}],"line":55},"4":{"loc":{"start":{"line":57,"column":11},"end":{"line":63,"column":5}},"type":"if","locations":[{"start":{"line":57,"column":11},"end":{"line":63,"column":5}},{"start":{"line":59,"column":11},"end":{"line":63,"column":5}}],"line":57}},"s":{"0":4,"1":4,"2":8,"3":8,"4":8,"5":8,"6":0,"7":0,"8":8,"9":0,"10":0,"11":0,"12":0,"13":0,"14":0,"15":0,"16":0,"17":0,"18":0,"19":0,"20":0,"21":0,"22":8,"23":8,"24":8,"25":8,"26":0,"27":0,"28":0,"29":0,"30":0,"31":8,"32":8},"f":{"0":8,"1":8,"2":0,"3":0,"4":0,"5":8},"b":{"0":[0,0],"1":[0,0],"2":[0,0],"3":[8,0],"4":[0,0]},"_coverageSchema":"1a1c01bbd47fc00a2c39e90264f33305004495a9","hash":"4494552df4eda03b7bfb314b4a4baa3d1d8762e5"}
,"/Users/julieyu/Documents/hack-reactor/fec/client/components/ProductOverview/AddToCart.jsx": {"path":"/Users/julieyu/Documents/hack-reactor/fec/client/components/ProductOverview/AddToCart.jsx","statementMap":{"0":{"start":{"line":4,"column":18},"end":{"line":8,"column":1}},"1":{"start":{"line":6,"column":2},"end":{"line":6,"column":49}}},"fnMap":{"0":{"name":"(anonymous_0)","decl":{"start":{"line":4,"column":18},"end":{"line":4,"column":19}},"loc":{"start":{"line":6,"column":2},"end":{"line":6,"column":49}},"line":6}},"branchMap":{},"s":{"0":4,"1":7},"f":{"0":7},"b":{},"_coverageSchema":"1a1c01bbd47fc00a2c39e90264f33305004495a9","hash":"26ce1577b68b6a9b0579f1d59b74cc485ebd0552"}
,"/Users/julieyu/Documents/hack-reactor/fec/client/components/ProductOverview/ImageGallery.jsx": {"path":"/Users/julieyu/Documents/hack-reactor/fec/client/components/ProductOverview/ImageGallery.jsx","statementMap":{"0":{"start":{"line":10,"column":21},"end":{"line":22,"column":1}},"1":{"start":{"line":11,"column":2},"end":{"line":19,"column":8}}},"fnMap":{"0":{"name":"(anonymous_0)","decl":{"start":{"line":10,"column":21},"end":{"line":10,"column":22}},"loc":{"start":{"line":11,"column":2},"end":{"line":19,"column":8}},"line":11}},"branchMap":{},"s":{"0":4,"1":7},"f":{"0":7},"b":{},"_coverageSchema":"1a1c01bbd47fc00a2c39e90264f33305004495a9","hash":"53ed7029917d030c670814f8babfb323f0820014"}
,"/Users/julieyu/Documents/hack-reactor/fec/client/components/ProductOverview/ProductOverview.jsx": {"path":"/Users/julieyu/Documents/hack-reactor/fec/client/components/ProductOverview/ProductOverview.jsx","statementMap":{"0":{"start":{"line":14,"column":4},"end":{"line":14,"column":17}},"1":{"start":{"line":15,"column":4},"end":{"line":22,"column":6}},"2":{"start":{"line":37,"column":4},"end":{"line":47,"column":9}},"3":{"start":{"line":43,"column":8},"end":{"line":43,"column":25}},"4":{"start":{"line":46,"column":8},"end":{"line":46,"column":59}},"5":{"start":{"line":57,"column":4},"end":{"line":77,"column":6}}},"fnMap":{"0":{"name":"(anonymous_0)","decl":{"start":{"line":13,"column":2},"end":{"line":13,"column":3}},"loc":{"start":{"line":13,"column":21},"end":{"line":24,"column":3}},"line":13},"1":{"name":"(anonymous_1)","decl":{"start":{"line":28,"column":2},"end":{"line":28,"column":3}},"loc":{"start":{"line":28,"column":22},"end":{"line":32,"column":3}},"line":28},"2":{"name":"(anonymous_2)","decl":{"start":{"line":36,"column":2},"end":{"line":36,"column":3}},"loc":{"start":{"line":36,"column":17},"end":{"line":49,"column":3}},"line":36},"3":{"name":"(anonymous_3)","decl":{"start":{"line":42,"column":12},"end":{"line":42,"column":13}},"loc":{"start":{"line":42,"column":21},"end":{"line":44,"column":7}},"line":42},"4":{"name":"(anonymous_4)","decl":{"start":{"line":45,"column":13},"end":{"line":45,"column":14}},"loc":{"start":{"line":45,"column":22},"end":{"line":47,"column":7}},"line":45},"5":{"name":"(anonymous_5)","decl":{"start":{"line":55,"column":2},"end":{"line":55,"column":3}},"loc":{"start":{"line":55,"column":11},"end":{"line":78,"column":3}},"line":55}},"branchMap":{},"s":{"0":7,"1":7,"2":0,"3":0,"4":0,"5":7},"f":{"0":7,"1":7,"2":0,"3":0,"4":0,"5":7},"b":{},"_coverageSchema":"1a1c01bbd47fc00a2c39e90264f33305004495a9","hash":"4d06a841e7e1d9623d8e6837ca77c272e56dd2b6"}
,"/Users/julieyu/Documents/hack-reactor/fec/client/components/ProductOverview/StyleSelector.jsx": {"path":"/Users/julieyu/Documents/hack-reactor/fec/client/components/ProductOverview/StyleSelector.jsx","statementMap":{"0":{"start":{"line":4,"column":22},"end":{"line":8,"column":1}},"1":{"start":{"line":6,"column":2},"end":{"line":6,"column":40}}},"fnMap":{"0":{"name":"(anonymous_0)","decl":{"start":{"line":4,"column":22},"end":{"line":4,"column":23}},"loc":{"start":{"line":6,"column":2},"end":{"line":6,"column":40}},"line":6}},"branchMap":{},"s":{"0":4,"1":7},"f":{"0":7},"b":{},"_coverageSchema":"1a1c01bbd47fc00a2c39e90264f33305004495a9","hash":"33dda5e9087b8caed048b2ba15c85731d49abee6"}
,"/Users/julieyu/Documents/hack-reactor/fec/client/components/ProductOverview/ImageGalleryDir/ArrowLeft.jsx": {"path":"/Users/julieyu/Documents/hack-reactor/fec/client/components/ProductOverview/ImageGalleryDir/ArrowLeft.jsx","statementMap":{"0":{"start":{"line":4,"column":18},"end":{"line":12,"column":1}},"1":{"start":{"line":6,"column":2},"end":{"line":10,"column":6}}},"fnMap":{"0":{"name":"(anonymous_0)","decl":{"start":{"line":4,"column":18},"end":{"line":4,"column":19}},"loc":{"start":{"line":6,"column":2},"end":{"line":10,"column":6}},"line":6}},"branchMap":{},"s":{"0":4,"1":7},"f":{"0":7},"b":{},"_coverageSchema":"1a1c01bbd47fc00a2c39e90264f33305004495a9","hash":"312e74a60897e440998f49f33e5953c5a9a07ceb"}
,"/Users/julieyu/Documents/hack-reactor/fec/client/components/ProductOverview/ImageGalleryDir/ArrowRight.jsx": {"path":"/Users/julieyu/Documents/hack-reactor/fec/client/components/ProductOverview/ImageGalleryDir/ArrowRight.jsx","statementMap":{"0":{"start":{"line":6,"column":19},"end":{"line":19,"column":1}},"1":{"start":{"line":10,"column":2},"end":{"line":16,"column":8}}},"fnMap":{"0":{"name":"(anonymous_0)","decl":{"start":{"line":6,"column":19},"end":{"line":6,"column":20}},"loc":{"start":{"line":10,"column":2},"end":{"line":16,"column":8}},"line":10}},"branchMap":{},"s":{"0":4,"1":7},"f":{"0":7},"b":{},"_coverageSchema":"1a1c01bbd47fc00a2c39e90264f33305004495a9","hash":"881702551e0f2cab09b6a89a703d716b41ddbef5"}
,"/Users/julieyu/Documents/hack-reactor/fec/client/components/ProductOverview/ImageGalleryDir/FullScreen.jsx": {"path":"/Users/julieyu/Documents/hack-reactor/fec/client/components/ProductOverview/ImageGalleryDir/FullScreen.jsx","statementMap":{"0":{"start":{"line":5,"column":19},"end":{"line":14,"column":1}},"1":{"start":{"line":10,"column":2},"end":{"line":10,"column":39}}},"fnMap":{"0":{"name":"(anonymous_0)","decl":{"start":{"line":5,"column":19},"end":{"line":5,"column":20}},"loc":{"start":{"line":10,"column":2},"end":{"line":10,"column":39}},"line":10}},"branchMap":{},"s":{"0":4,"1":7},"f":{"0":7},"b":{},"_coverageSchema":"1a1c01bbd47fc00a2c39e90264f33305004495a9","hash":"684741d4a119463bf9273db03db77e4fe09c02e4"}
,"/Users/julieyu/Documents/hack-reactor/fec/client/components/ProductOverview/ImageGalleryDir/Thumbnail.jsx": {"path":"/Users/julieyu/Documents/hack-reactor/fec/client/components/ProductOverview/ImageGalleryDir/Thumbnail.jsx","statementMap":{"0":{"start":{"line":4,"column":18},"end":{"line":8,"column":1}},"1":{"start":{"line":6,"column":2},"end":{"line":6,"column":38}}},"fnMap":{"0":{"name":"(anonymous_0)","decl":{"start":{"line":4,"column":18},"end":{"line":4,"column":19}},"loc":{"start":{"line":6,"column":2},"end":{"line":6,"column":38}},"line":6}},"branchMap":{},"s":{"0":4,"1":35},"f":{"0":35},"b":{},"_coverageSchema":"1a1c01bbd47fc00a2c39e90264f33305004495a9","hash":"855abd608a2a949dcf516ef718c9b18d98bcdc0f"}
,"/Users/julieyu/Documents/hack-reactor/fec/client/components/ProductOverview/ImageGalleryDir/ThumbnailsBar.jsx": {"path":"/Users/julieyu/Documents/hack-reactor/fec/client/components/ProductOverview/ImageGalleryDir/ThumbnailsBar.jsx","statementMap":{"0":{"start":{"line":5,"column":22},"end":{"line":15,"column":1}},"1":{"start":{"line":7,"column":2},"end":{"line":13,"column":6}}},"fnMap":{"0":{"name":"(anonymous_0)","decl":{"start":{"line":5,"column":22},"end":{"line":5,"column":23}},"loc":{"start":{"line":7,"column":2},"end":{"line":13,"column":6}},"line":7}},"branchMap":{},"s":{"0":4,"1":7},"f":{"0":7},"b":{},"_coverageSchema":"1a1c01bbd47fc00a2c39e90264f33305004495a9","hash":"b0d97aec58ee136ce8f7403b859bb48e630bd91f"}
,"/Users/julieyu/Documents/hack-reactor/fec/client/components/QA/Answer.jsx": {"path":"/Users/julieyu/Documents/hack-reactor/fec/client/components/QA/Answer.jsx","statementMap":{"0":{"start":{"line":4,"column":15},"end":{"line":21,"column":1}},"1":{"start":{"line":6,"column":22},"end":{"line":12,"column":3}},"2":{"start":{"line":7,"column":22},"end":{"line":7,"column":51}},"3":{"start":{"line":11,"column":4},"end":{"line":11,"column":23}},"4":{"start":{"line":14,"column":2},"end":{"line":20,"column":4}}},"fnMap":{"0":{"name":"(anonymous_0)","decl":{"start":{"line":4,"column":15},"end":{"line":4,"column":16}},"loc":{"start":{"line":4,"column":26},"end":{"line":21,"column":1}},"line":4},"1":{"name":"(anonymous_1)","decl":{"start":{"line":6,"column":22},"end":{"line":6,"column":23}},"loc":{"start":{"line":6,"column":32},"end":{"line":12,"column":3}},"line":6}},"branchMap":{},"s":{"0":4,"1":3,"2":3,"3":3,"4":3},"f":{"0":3,"1":3},"b":{},"_coverageSchema":"1a1c01bbd47fc00a2c39e90264f33305004495a9","hash":"61e3ec2e4127bcffd400d99496305e47c89c06bf"}
,"/Users/julieyu/Documents/hack-reactor/fec/client/components/QA/QA.jsx": {"path":"/Users/julieyu/Documents/hack-reactor/fec/client/components/QA/QA.jsx","statementMap":{"0":{"start":{"line":8,"column":4},"end":{"line":8,"column":17}},"1":{"start":{"line":9,"column":4},"end":{"line":12,"column":6}},"2":{"start":{"line":17,"column":4},"end":{"line":29,"column":9}},"3":{"start":{"line":23,"column":8},"end":{"line":25,"column":11}},"4":{"start":{"line":28,"column":8},"end":{"line":28,"column":55}},"5":{"start":{"line":33,"column":4},"end":{"line":39,"column":6}}},"fnMap":{"0":{"name":"(anonymous_0)","decl":{"start":{"line":7,"column":2},"end":{"line":7,"column":3}},"loc":{"start":{"line":7,"column":21},"end":{"line":13,"column":3}},"line":7},"1":{"name":"(anonymous_1)","decl":{"start":{"line":15,"column":2},"end":{"line":15,"column":3}},"loc":{"start":{"line":15,"column":22},"end":{"line":30,"column":3}},"line":15},"2":{"name":"(anonymous_2)","decl":{"start":{"line":22,"column":12},"end":{"line":22,"column":13}},"loc":{"start":{"line":22,"column":24},"end":{"line":26,"column":7}},"line":22},"3":{"name":"(anonymous_3)","decl":{"start":{"line":27,"column":13},"end":{"line":27,"column":14}},"loc":{"start":{"line":27,"column":24},"end":{"line":29,"column":7}},"line":27},"4":{"name":"(anonymous_4)","decl":{"start":{"line":32,"column":2},"end":{"line":32,"column":3}},"loc":{"start":{"line":32,"column":12},"end":{"line":40,"column":3}},"line":32}},"branchMap":{},"s":{"0":7,"1":7,"2":7,"3":0,"4":0,"5":7},"f":{"0":7,"1":7,"2":0,"3":0,"4":7},"b":{},"_coverageSchema":"1a1c01bbd47fc00a2c39e90264f33305004495a9","hash":"2a900003d1ef65b3f1d42ecba61a6c5713ee283e"}
,"/Users/julieyu/Documents/hack-reactor/fec/client/components/QA/Q_A.jsx": {"path":"/Users/julieyu/Documents/hack-reactor/fec/client/components/QA/Q_A.jsx","statementMap":{"0":{"start":{"line":6,"column":12},"end":{"line":69,"column":1}},"1":{"start":{"line":8,"column":26},"end":{"line":8,"column":75}},"2":{"start":{"line":9,"column":24},"end":{"line":9,"column":51}},"3":{"start":{"line":10,"column":25},"end":{"line":10,"column":27}},"4":{"start":{"line":12,"column":28},"end":{"line":12,"column":39}},"5":{"start":{"line":13,"column":22},"end":{"line":20,"column":3}},"6":{"start":{"line":14,"column":4},"end":{"line":19,"column":5}},"7":{"start":{"line":14,"column":17},"end":{"line":14,"column":18}},"8":{"start":{"line":15,"column":6},"end":{"line":17,"column":7}},"9":{"start":{"line":16,"column":8},"end":{"line":16,"column":15}},"10":{"start":{"line":18,"column":6},"end":{"line":18,"column":48}},"11":{"start":{"line":23,"column":2},"end":{"line":25,"column":3}},"12":{"start":{"line":24,"column":4},"end":{"line":24,"column":18}},"13":{"start":{"line":27,"column":2},"end":{"line":68,"column":3}},"14":{"start":{"line":28,"column":4},"end":{"line":32,"column":6}},"15":{"start":{"line":33,"column":9},"end":{"line":68,"column":3}},"16":{"start":{"line":34,"column":4},"end":{"line":50,"column":6}},"17":{"start":{"line":38,"column":12},"end":{"line":42,"column":43}},"18":{"start":{"line":46,"column":33},"end":{"line":46,"column":52}},"19":{"start":{"line":52,"column":4},"end":{"line":67,"column":6}},"20":{"start":{"line":56,"column":12},"end":{"line":60,"column":43}}},"fnMap":{"0":{"name":"(anonymous_0)","decl":{"start":{"line":6,"column":12},"end":{"line":6,"column":13}},"loc":{"start":{"line":6,"column":23},"end":{"line":69,"column":1}},"line":6},"1":{"name":"(anonymous_1)","decl":{"start":{"line":13,"column":22},"end":{"line":13,"column":23}},"loc":{"start":{"line":13,"column":28},"end":{"line":20,"column":3}},"line":13},"2":{"name":"(anonymous_2)","decl":{"start":{"line":37,"column":32},"end":{"line":37,"column":33}},"loc":{"start":{"line":38,"column":12},"end":{"line":42,"column":43}},"line":38},"3":{"name":"(anonymous_3)","decl":{"start":{"line":46,"column":27},"end":{"line":46,"column":28}},"loc":{"start":{"line":46,"column":33},"end":{"line":46,"column":52}},"line":46},"4":{"name":"(anonymous_4)","decl":{"start":{"line":55,"column":32},"end":{"line":55,"column":33}},"loc":{"start":{"line":56,"column":12},"end":{"line":60,"column":43}},"line":56}},"branchMap":{"0":{"loc":{"start":{"line":15,"column":6},"end":{"line":17,"column":7}},"type":"if","locations":[{"start":{"line":15,"column":6},"end":{"line":17,"column":7}},{"start":{},"end":{}}],"line":15},"1":{"loc":{"start":{"line":23,"column":2},"end":{"line":25,"column":3}},"type":"if","locations":[{"start":{"line":23,"column":2},"end":{"line":25,"column":3}},{"start":{},"end":{}}],"line":23},"2":{"loc":{"start":{"line":27,"column":2},"end":{"line":68,"column":3}},"type":"if","locations":[{"start":{"line":27,"column":2},"end":{"line":68,"column":3}},{"start":{"line":33,"column":9},"end":{"line":68,"column":3}}],"line":27},"3":{"loc":{"start":{"line":33,"column":9},"end":{"line":68,"column":3}},"type":"if","locations":[{"start":{"line":33,"column":9},"end":{"line":68,"column":3}},{"start":{"line":51,"column":9},"end":{"line":68,"column":3}}],"line":33}},"s":{"0":4,"1":8,"2":8,"3":8,"4":8,"5":8,"6":0,"7":0,"8":0,"9":0,"10":0,"11":8,"12":0,"13":8,"14":8,"15":0,"16":0,"17":0,"18":0,"19":0,"20":0},"f":{"0":8,"1":0,"2":0,"3":0,"4":0},"b":{"0":[0,0],"1":[0,8],"2":[8,0],"3":[0,0]},"_coverageSchema":"1a1c01bbd47fc00a2c39e90264f33305004495a9","hash":"f11433827bcc7cd044533c7dea5d6daac95761c9"}
,"/Users/julieyu/Documents/hack-reactor/fec/client/components/QA/Question.jsx": {"path":"/Users/julieyu/Documents/hack-reactor/fec/client/components/QA/Question.jsx","statementMap":{"0":{"start":{"line":6,"column":17},"end":{"line":114,"column":1}},"1":{"start":{"line":7,"column":13},"end":{"line":7,"column":15}},"2":{"start":{"line":8,"column":16},"end":{"line":8,"column":18}},"3":{"start":{"line":9,"column":2},"end":{"line":11,"column":5}},"4":{"start":{"line":10,"column":4},"end":{"line":10,"column":31}},"5":{"start":{"line":13,"column":2},"end":{"line":15,"column":5}},"6":{"start":{"line":14,"column":4},"end":{"line":14,"column":38}},"7":{"start":{"line":17,"column":24},"end":{"line":17,"column":56}},"8":{"start":{"line":18,"column":2},"end":{"line":23,"column":3}},"9":{"start":{"line":18,"column":15},"end":{"line":18,"column":16}},"10":{"start":{"line":19,"column":4},"end":{"line":22,"column":5}},"11":{"start":{"line":20,"column":6},"end":{"line":20,"column":47}},"12":{"start":{"line":21,"column":6},"end":{"line":21,"column":35}},"13":{"start":{"line":25,"column":22},"end":{"line":25,"column":47}},"14":{"start":{"line":27,"column":23},"end":{"line":27,"column":25}},"15":{"start":{"line":29,"column":28},"end":{"line":29,"column":39}},"16":{"start":{"line":31,"column":21},"end":{"line":38,"column":3}},"17":{"start":{"line":32,"column":4},"end":{"line":37,"column":5}},"18":{"start":{"line":32,"column":17},"end":{"line":32,"column":18}},"19":{"start":{"line":33,"column":6},"end":{"line":35,"column":7}},"20":{"start":{"line":34,"column":8},"end":{"line":34,"column":15}},"21":{"start":{"line":36,"column":6},"end":{"line":36,"column":44}},"22":{"start":{"line":40,"column":2},"end":{"line":42,"column":3}},"23":{"start":{"line":41,"column":4},"end":{"line":41,"column":17}},"24":{"start":{"line":44,"column":2},"end":{"line":113,"column":3}},"25":{"start":{"line":45,"column":4},"end":{"line":50,"column":6}},"26":{"start":{"line":51,"column":9},"end":{"line":113,"column":3}},"27":{"start":{"line":52,"column":4},"end":{"line":71,"column":6}},"28":{"start":{"line":58,"column":14},"end":{"line":65,"column":16}},"29":{"start":{"line":69,"column":62},"end":{"line":69,"column":92}},"30":{"start":{"line":72,"column":9},"end":{"line":113,"column":3}},"31":{"start":{"line":73,"column":4},"end":{"line":92,"column":6}},"32":{"start":{"line":79,"column":14},"end":{"line":86,"column":16}},"33":{"start":{"line":90,"column":62},"end":{"line":90,"column":73}},"34":{"start":{"line":94,"column":4},"end":{"line":112,"column":6}},"35":{"start":{"line":100,"column":14},"end":{"line":107,"column":16}}},"fnMap":{"0":{"name":"(anonymous_0)","decl":{"start":{"line":6,"column":17},"end":{"line":6,"column":18}},"loc":{"start":{"line":6,"column":28},"end":{"line":114,"column":1}},"line":6},"1":{"name":"(anonymous_1)","decl":{"start":{"line":9,"column":19},"end":{"line":9,"column":20}},"loc":{"start":{"line":9,"column":31},"end":{"line":11,"column":3}},"line":9},"2":{"name":"(anonymous_2)","decl":{"start":{"line":13,"column":11},"end":{"line":13,"column":12}},"loc":{"start":{"line":13,"column":19},"end":{"line":15,"column":3}},"line":13},"3":{"name":"(anonymous_3)","decl":{"start":{"line":31,"column":21},"end":{"line":31,"column":22}},"loc":{"start":{"line":31,"column":27},"end":{"line":38,"column":3}},"line":31},"4":{"name":"(anonymous_4)","decl":{"start":{"line":57,"column":32},"end":{"line":57,"column":33}},"loc":{"start":{"line":58,"column":14},"end":{"line":65,"column":16}},"line":58},"5":{"name":"(anonymous_5)","decl":{"start":{"line":69,"column":56},"end":{"line":69,"column":57}},"loc":{"start":{"line":69,"column":62},"end":{"line":69,"column":92}},"line":69},"6":{"name":"(anonymous_6)","decl":{"start":{"line":78,"column":32},"end":{"line":78,"column":33}},"loc":{"start":{"line":79,"column":14},"end":{"line":86,"column":16}},"line":79},"7":{"name":"(anonymous_7)","decl":{"start":{"line":90,"column":56},"end":{"line":90,"column":57}},"loc":{"start":{"line":90,"column":62},"end":{"line":90,"column":73}},"line":90},"8":{"name":"(anonymous_8)","decl":{"start":{"line":99,"column":32},"end":{"line":99,"column":33}},"loc":{"start":{"line":100,"column":14},"end":{"line":107,"column":16}},"line":100}},"branchMap":{"0":{"loc":{"start":{"line":19,"column":4},"end":{"line":22,"column":5}},"type":"if","locations":[{"start":{"line":19,"column":4},"end":{"line":22,"column":5}},{"start":{},"end":{}}],"line":19},"1":{"loc":{"start":{"line":33,"column":6},"end":{"line":35,"column":7}},"type":"if","locations":[{"start":{"line":33,"column":6},"end":{"line":35,"column":7}},{"start":{},"end":{}}],"line":33},"2":{"loc":{"start":{"line":40,"column":2},"end":{"line":42,"column":3}},"type":"if","locations":[{"start":{"line":40,"column":2},"end":{"line":42,"column":3}},{"start":{},"end":{}}],"line":40},"3":{"loc":{"start":{"line":44,"column":2},"end":{"line":113,"column":3}},"type":"if","locations":[{"start":{"line":44,"column":2},"end":{"line":113,"column":3}},{"start":{"line":51,"column":9},"end":{"line":113,"column":3}}],"line":44},"4":{"loc":{"start":{"line":51,"column":9},"end":{"line":113,"column":3}},"type":"if","locations":[{"start":{"line":51,"column":9},"end":{"line":113,"column":3}},{"start":{"line":72,"column":9},"end":{"line":113,"column":3}}],"line":51},"5":{"loc":{"start":{"line":72,"column":9},"end":{"line":113,"column":3}},"type":"if","locations":[{"start":{"line":72,"column":9},"end":{"line":113,"column":3}},{"start":{"line":93,"column":9},"end":{"line":113,"column":3}}],"line":72},"6":{"loc":{"start":{"line":72,"column":13},"end":{"line":72,"column":91}},"type":"binary-expr","locations":[{"start":{"line":72,"column":14},"end":{"line":72,"column":60}},{"start":{"line":72,"column":65},"end":{"line":72,"column":91}}],"line":72}},"s":{"0":4,"1":1,"2":1,"3":1,"4":1,"5":1,"6":9,"7":1,"8":1,"9":1,"10":9,"11":0,"12":0,"13":1,"14":1,"15":1,"16":1,"17":1,"18":1,"19":2,"20":0,"21":2,"22":1,"23":1,"24":1,"25":0,"26":1,"27":1,"28":2,"29":0,"30":0,"31":0,"32":0,"33":0,"34":0,"35":0},"f":{"0":1,"1":1,"2":9,"3":1,"4":2,"5":0,"6":0,"7":0,"8":0},"b":{"0":[0,9],"1":[0,2],"2":[1,0],"3":[0,1],"4":[1,0],"5":[0,0],"6":[0,0]},"_coverageSchema":"1a1c01bbd47fc00a2c39e90264f33305004495a9","hash":"beb86202ba024649cf87683afc8ceabd475adbd0"}
,"/Users/julieyu/Documents/hack-reactor/fec/client/components/QA/Search.jsx": {"path":"/Users/julieyu/Documents/hack-reactor/fec/client/components/QA/Search.jsx","statementMap":{"0":{"start":{"line":3,"column":15},"end":{"line":7,"column":1}},"1":{"start":{"line":4,"column":2},"end":{"line":6,"column":8}}},"fnMap":{"0":{"name":"(anonymous_0)","decl":{"start":{"line":3,"column":15},"end":{"line":3,"column":16}},"loc":{"start":{"line":4,"column":2},"end":{"line":6,"column":8}},"line":4}},"branchMap":{},"s":{"0":4,"1":8},"f":{"0":8},"b":{},"_coverageSchema":"1a1c01bbd47fc00a2c39e90264f33305004495a9","hash":"5a2cc1576a966c746146ae43fc0faf3a354341f9"}
,"/Users/julieyu/Documents/hack-reactor/fec/client/components/Related/ActionButton.jsx": {"path":"/Users/julieyu/Documents/hack-reactor/fec/client/components/Related/ActionButton.jsx","statementMap":{"0":{"start":{"line":3,"column":19},"end":{"line":24,"column":1}},"1":{"start":{"line":4,"column":33},"end":{"line":4,"column":48}},"2":{"start":{"line":6,"column":21},"end":{"line":9,"column":3}},"3":{"start":{"line":7,"column":4},"end":{"line":7,"column":26}},"4":{"start":{"line":8,"column":4},"end":{"line":8,"column":30}},"5":{"start":{"line":13,"column":2},"end":{"line":17,"column":3}},"6":{"start":{"line":14,"column":4},"end":{"line":14,"column":44}},"7":{"start":{"line":16,"column":4},"end":{"line":16,"column":43}},"8":{"start":{"line":19,"column":2},"end":{"line":23,"column":4}}},"fnMap":{"0":{"name":"(anonymous_0)","decl":{"start":{"line":3,"column":19},"end":{"line":3,"column":20}},"loc":{"start":{"line":3,"column":30},"end":{"line":24,"column":1}},"line":3},"1":{"name":"(anonymous_1)","decl":{"start":{"line":6,"column":21},"end":{"line":6,"column":22}},"loc":{"start":{"line":6,"column":32},"end":{"line":9,"column":3}},"line":6}},"branchMap":{"0":{"loc":{"start":{"line":13,"column":2},"end":{"line":17,"column":3}},"type":"if","locations":[{"start":{"line":13,"column":2},"end":{"line":17,"column":3}},{"start":{"line":15,"column":9},"end":{"line":17,"column":3}}],"line":13}},"s":{"0":5,"1":0,"2":0,"3":0,"4":0,"5":0,"6":0,"7":0,"8":0},"f":{"0":0,"1":0},"b":{"0":[0,0]},"_coverageSchema":"1a1c01bbd47fc00a2c39e90264f33305004495a9","hash":"d0450906d275919cca25e1b50aa0e6b9559c613c"}
,"/Users/julieyu/Documents/hack-reactor/fec/client/components/Related/LeftButton.jsx": {"path":"/Users/julieyu/Documents/hack-reactor/fec/client/components/Related/LeftButton.jsx","statementMap":{"0":{"start":{"line":3,"column":19},"end":{"line":11,"column":1}},"1":{"start":{"line":4,"column":2},"end":{"line":10,"column":4}}},"fnMap":{"0":{"name":"(anonymous_0)","decl":{"start":{"line":3,"column":19},"end":{"line":3,"column":20}},"loc":{"start":{"line":3,"column":30},"end":{"line":11,"column":1}},"line":3}},"branchMap":{},"s":{"0":5,"1":14},"f":{"0":14},"b":{},"_coverageSchema":"1a1c01bbd47fc00a2c39e90264f33305004495a9","hash":"6f919300a1b0f3c551bb9252aabd2235f5fee5de"}
,"/Users/julieyu/Documents/hack-reactor/fec/client/components/Related/Outfit.jsx": {"path":"/Users/julieyu/Documents/hack-reactor/fec/client/components/Related/Outfit.jsx","statementMap":{"0":{"start":{"line":6,"column":15},"end":{"line":35,"column":1}},"1":{"start":{"line":7,"column":25},"end":{"line":22,"column":4}},"2":{"start":{"line":8,"column":4},"end":{"line":21,"column":6}},"3":{"start":{"line":24,"column":2},"end":{"line":33,"column":4}}},"fnMap":{"0":{"name":"(anonymous_0)","decl":{"start":{"line":6,"column":15},"end":{"line":6,"column":16}},"loc":{"start":{"line":6,"column":26},"end":{"line":35,"column":1}},"line":6},"1":{"name":"(anonymous_1)","decl":{"start":{"line":7,"column":46},"end":{"line":7,"column":47}},"loc":{"start":{"line":7,"column":56},"end":{"line":22,"column":3}},"line":7}},"branchMap":{},"s":{"0":5,"1":7,"2":0,"3":7},"f":{"0":7,"1":0},"b":{},"_coverageSchema":"1a1c01bbd47fc00a2c39e90264f33305004495a9","hash":"dbc1e8ca7fbe186d32922e2c4e81f9855f291f20"}
,"/Users/julieyu/Documents/hack-reactor/fec/client/components/Related/ProductCard.jsx": {"path":"/Users/julieyu/Documents/hack-reactor/fec/client/components/Related/ProductCard.jsx","statementMap":{"0":{"start":{"line":6,"column":20},"end":{"line":54,"column":1}},"1":{"start":{"line":7,"column":38},"end":{"line":7,"column":53}},"2":{"start":{"line":8,"column":27},"end":{"line":10,"column":3}},"3":{"start":{"line":9,"column":4},"end":{"line":9,"column":24}},"4":{"start":{"line":12,"column":25},"end":{"line":14,"column":3}},"5":{"start":{"line":13,"column":4},"end":{"line":13,"column":25}},"6":{"start":{"line":19,"column":2},"end":{"line":21,"column":3}},"7":{"start":{"line":20,"column":4},"end":{"line":20,"column":70}},"8":{"start":{"line":24,"column":14},"end":{"line":28,"column":3}},"9":{"start":{"line":30,"column":2},"end":{"line":53,"column":4}}},"fnMap":{"0":{"name":"(anonymous_0)","decl":{"start":{"line":6,"column":20},"end":{"line":6,"column":21}},"loc":{"start":{"line":6,"column":31},"end":{"line":54,"column":1}},"line":6},"1":{"name":"(anonymous_1)","decl":{"start":{"line":8,"column":27},"end":{"line":8,"column":28}},"loc":{"start":{"line":8,"column":33},"end":{"line":10,"column":3}},"line":8},"2":{"name":"(anonymous_2)","decl":{"start":{"line":12,"column":25},"end":{"line":12,"column":26}},"loc":{"start":{"line":12,"column":31},"end":{"line":14,"column":3}},"line":12}},"branchMap":{"0":{"loc":{"start":{"line":19,"column":2},"end":{"line":21,"column":3}},"type":"if","locations":[{"start":{"line":19,"column":2},"end":{"line":21,"column":3}},{"start":{},"end":{}}],"line":19},"1":{"loc":{"start":{"line":24,"column":14},"end":{"line":28,"column":3}},"type":"cond-expr","locations":[{"start":{"line":25,"column":4},"end":{"line":25,"column":59}},{"start":{"line":27,"column":4},"end":{"line":27,"column":52}}],"line":24},"2":{"loc":{"start":{"line":48,"column":11},"end":{"line":48,"column":46}},"type":"binary-expr","locations":[{"start":{"line":48,"column":11},"end":{"line":48,"column":21}},{"start":{"line":48,"column":25},"end":{"line":48,"column":46}}],"line":48}},"s":{"0":5,"1":0,"2":0,"3":0,"4":0,"5":0,"6":0,"7":0,"8":0,"9":0},"f":{"0":0,"1":0,"2":0},"b":{"0":[0,0],"1":[0,0],"2":[0,0]},"_coverageSchema":"1a1c01bbd47fc00a2c39e90264f33305004495a9","hash":"311552f7a7a97a2b5b608c53e9ef95a318ae204e"}
,"/Users/julieyu/Documents/hack-reactor/fec/client/components/Related/ProductComparison.jsx": {"path":"/Users/julieyu/Documents/hack-reactor/fec/client/components/Related/ProductComparison.jsx","statementMap":{"0":{"start":{"line":3,"column":26},"end":{"line":9,"column":1}},"1":{"start":{"line":4,"column":2},"end":{"line":8,"column":4}}},"fnMap":{"0":{"name":"(anonymous_0)","decl":{"start":{"line":3,"column":26},"end":{"line":3,"column":27}},"loc":{"start":{"line":3,"column":37},"end":{"line":9,"column":1}},"line":3}},"branchMap":{},"s":{"0":5,"1":0},"f":{"0":0},"b":{},"_coverageSchema":"1a1c01bbd47fc00a2c39e90264f33305004495a9","hash":"6bcf64a06846d899733f97a506bea19b56522640"}
,"/Users/julieyu/Documents/hack-reactor/fec/client/components/Related/Related.jsx": {"path":"/Users/julieyu/Documents/hack-reactor/fec/client/components/Related/Related.jsx","statementMap":{"0":{"start":{"line":7,"column":16},"end":{"line":57,"column":1}},"1":{"start":{"line":8,"column":36},"end":{"line":8,"column":59}},"2":{"start":{"line":9,"column":48},"end":{"line":9,"column":60}},"3":{"start":{"line":10,"column":38},"end":{"line":10,"column":50}},"4":{"start":{"line":12,"column":2},"end":{"line":20,"column":9}},"5":{"start":{"line":13,"column":4},"end":{"line":19,"column":9}},"6":{"start":{"line":15,"column":8},"end":{"line":15,"column":40}},"7":{"start":{"line":18,"column":8},"end":{"line":18,"column":29}},"8":{"start":{"line":22,"column":23},"end":{"line":42,"column":3}},"9":{"start":{"line":23,"column":19},"end":{"line":23,"column":95}},"10":{"start":{"line":24,"column":22},"end":{"line":24,"column":83}},"11":{"start":{"line":26,"column":4},"end":{"line":41,"column":5}},"12":{"start":{"line":28,"column":6},"end":{"line":33,"column":9}},"13":{"start":{"line":29,"column":23},"end":{"line":29,"column":43}},"14":{"start":{"line":30,"column":8},"end":{"line":32,"column":9}},"15":{"start":{"line":31,"column":10},"end":{"line":31,"column":51}},"16":{"start":{"line":36,"column":28},"end":{"line":39,"column":8}},"17":{"start":{"line":37,"column":23},"end":{"line":37,"column":43}},"18":{"start":{"line":38,"column":8},"end":{"line":38,"column":36}},"19":{"start":{"line":40,"column":6},"end":{"line":40,"column":35}},"20":{"start":{"line":44,"column":2},"end":{"line":56,"column":4}}},"fnMap":{"0":{"name":"(anonymous_0)","decl":{"start":{"line":7,"column":16},"end":{"line":7,"column":17}},"loc":{"start":{"line":7,"column":27},"end":{"line":57,"column":1}},"line":7},"1":{"name":"(anonymous_1)","decl":{"start":{"line":12,"column":12},"end":{"line":12,"column":13}},"loc":{"start":{"line":12,"column":18},"end":{"line":20,"column":3}},"line":12},"2":{"name":"(anonymous_2)","decl":{"start":{"line":14,"column":12},"end":{"line":14,"column":13}},"loc":{"start":{"line":14,"column":24},"end":{"line":16,"column":7}},"line":14},"3":{"name":"(anonymous_3)","decl":{"start":{"line":17,"column":13},"end":{"line":17,"column":14}},"loc":{"start":{"line":17,"column":24},"end":{"line":19,"column":7}},"line":17},"4":{"name":"(anonymous_4)","decl":{"start":{"line":22,"column":23},"end":{"line":22,"column":24}},"loc":{"start":{"line":22,"column":34},"end":{"line":42,"column":3}},"line":22},"5":{"name":"(anonymous_5)","decl":{"start":{"line":28,"column":30},"end":{"line":28,"column":31}},"loc":{"start":{"line":28,"column":40},"end":{"line":33,"column":7}},"line":28},"6":{"name":"(anonymous_6)","decl":{"start":{"line":36,"column":46},"end":{"line":36,"column":47}},"loc":{"start":{"line":36,"column":56},"end":{"line":39,"column":7}},"line":36}},"branchMap":{"0":{"loc":{"start":{"line":23,"column":19},"end":{"line":23,"column":95}},"type":"cond-expr","locations":[{"start":{"line":23,"column":50},"end":{"line":23,"column":62}},{"start":{"line":23,"column":65},"end":{"line":23,"column":95}}],"line":23},"1":{"loc":{"start":{"line":26,"column":4},"end":{"line":41,"column":5}},"type":"if","locations":[{"start":{"line":26,"column":4},"end":{"line":41,"column":5}},{"start":{"line":34,"column":11},"end":{"line":41,"column":5}}],"line":26},"2":{"loc":{"start":{"line":30,"column":8},"end":{"line":32,"column":9}},"type":"if","locations":[{"start":{"line":30,"column":8},"end":{"line":32,"column":9}},{"start":{},"end":{}}],"line":30}},"s":{"0":5,"1":8,"2":8,"3":8,"4":8,"5":7,"6":0,"7":0,"8":8,"9":0,"10":0,"11":0,"12":0,"13":0,"14":0,"15":0,"16":0,"17":0,"18":0,"19":0,"20":8},"f":{"0":8,"1":7,"2":0,"3":0,"4":0,"5":0,"6":0},"b":{"0":[0,0],"1":[0,0],"2":[0,0]},"_coverageSchema":"1a1c01bbd47fc00a2c39e90264f33305004495a9","hash":"9298433cdf8a6e305be1234333fbab9b14d683f4"}
,"/Users/julieyu/Documents/hack-reactor/fec/client/components/Related/RelatedProducts.jsx": {"path":"/Users/julieyu/Documents/hack-reactor/fec/client/components/Related/RelatedProducts.jsx","statementMap":{"0":{"start":{"line":6,"column":24},"end":{"line":34,"column":1}},"1":{"start":{"line":7,"column":23},"end":{"line":22,"column":4}},"2":{"start":{"line":8,"column":4},"end":{"line":21,"column":6}},"3":{"start":{"line":24,"column":2},"end":{"line":33,"column":4}}},"fnMap":{"0":{"name":"(anonymous_0)","decl":{"start":{"line":6,"column":24},"end":{"line":6,"column":25}},"loc":{"start":{"line":6,"column":35},"end":{"line":34,"column":1}},"line":6},"1":{"name":"(anonymous_1)","decl":{"start":{"line":7,"column":49},"end":{"line":7,"column":50}},"loc":{"start":{"line":7,"column":62},"end":{"line":22,"column":3}},"line":7}},"branchMap":{},"s":{"0":5,"1":7,"2":0,"3":7},"f":{"0":7,"1":0},"b":{},"_coverageSchema":"1a1c01bbd47fc00a2c39e90264f33305004495a9","hash":"f4b0ccdcccbd4b9cdea624cccd9c437678b04136"}
,"/Users/julieyu/Documents/hack-reactor/fec/client/components/Related/RightButton.jsx": {"path":"/Users/julieyu/Documents/hack-reactor/fec/client/components/Related/RightButton.jsx","statementMap":{"0":{"start":{"line":3,"column":20},"end":{"line":11,"column":1}},"1":{"start":{"line":4,"column":2},"end":{"line":10,"column":4}}},"fnMap":{"0":{"name":"(anonymous_0)","decl":{"start":{"line":3,"column":20},"end":{"line":3,"column":21}},"loc":{"start":{"line":3,"column":31},"end":{"line":11,"column":1}},"line":3}},"branchMap":{},"s":{"0":5,"1":14},"f":{"0":14},"b":{},"_coverageSchema":"1a1c01bbd47fc00a2c39e90264f33305004495a9","hash":"803d1da1384eddfc442d770cd890c20db8b361e9"}
,"/Users/julieyu/Documents/hack-reactor/fec/client/components/Reviews/Ratings.jsx": {"path":"/Users/julieyu/Documents/hack-reactor/fec/client/components/Reviews/Ratings.jsx","statementMap":{"0":{"start":{"line":6,"column":4},"end":{"line":6,"column":17}},"1":{"start":{"line":11,"column":4},"end":{"line":33,"column":6}}},"fnMap":{"0":{"name":"(anonymous_0)","decl":{"start":{"line":5,"column":2},"end":{"line":5,"column":3}},"loc":{"start":{"line":5,"column":21},"end":{"line":7,"column":3}},"line":5},"1":{"name":"(anonymous_1)","decl":{"start":{"line":10,"column":2},"end":{"line":10,"column":3}},"loc":{"start":{"line":10,"column":11},"end":{"line":34,"column":3}},"line":10}},"branchMap":{},"s":{"0":8,"1":8},"f":{"0":8,"1":8},"b":{},"_coverageSchema":"1a1c01bbd47fc00a2c39e90264f33305004495a9","hash":"77c04fe5f540993c25b05c2375b5e3c1932f4af3"}
,"/Users/julieyu/Documents/hack-reactor/fec/client/components/Reviews/Reviews.jsx": {"path":"/Users/julieyu/Documents/hack-reactor/fec/client/components/Reviews/Reviews.jsx","statementMap":{"0":{"start":{"line":8,"column":4},"end":{"line":8,"column":17}},"1":{"start":{"line":9,"column":4},"end":{"line":13,"column":6}},"2":{"start":{"line":17,"column":18},"end":{"line":21,"column":5}},"3":{"start":{"line":22,"column":4},"end":{"line":27,"column":9}},"4":{"start":{"line":23,"column":6},"end":{"line":23,"column":24}},"5":{"start":{"line":26,"column":8},"end":{"line":26,"column":17}},"6":{"start":{"line":31,"column":4},"end":{"line":43,"column":5}},"7":{"start":{"line":32,"column":6},"end":{"line":34,"column":19}},"8":{"start":{"line":35,"column":11},"end":{"line":43,"column":5}},"9":{"start":{"line":36,"column":6},"end":{"line":38,"column":19}},"10":{"start":{"line":39,"column":11},"end":{"line":43,"column":5}},"11":{"start":{"line":40,"column":6},"end":{"line":42,"column":19}},"12":{"start":{"line":47,"column":4},"end":{"line":60,"column":7}},"13":{"start":{"line":48,"column":20},"end":{"line":51,"column":7}},"14":{"start":{"line":52,"column":5},"end":{"line":59,"column":8}},"15":{"start":{"line":53,"column":10},"end":{"line":55,"column":12}},"16":{"start":{"line":58,"column":8},"end":{"line":58,"column":17}},"17":{"start":{"line":64,"column":18},"end":{"line":67,"column":5}},"18":{"start":{"line":68,"column":4},"end":{"line":75,"column":6}},"19":{"start":{"line":69,"column":6},"end":{"line":71,"column":8}},"20":{"start":{"line":74,"column":6},"end":{"line":74,"column":49}},"21":{"start":{"line":79,"column":4},"end":{"line":89,"column":6}}},"fnMap":{"0":{"name":"(anonymous_0)","decl":{"start":{"line":7,"column":2},"end":{"line":7,"column":3}},"loc":{"start":{"line":7,"column":21},"end":{"line":14,"column":3}},"line":7},"1":{"name":"(anonymous_1)","decl":{"start":{"line":16,"column":2},"end":{"line":16,"column":3}},"loc":{"start":{"line":16,"column":14},"end":{"line":28,"column":3}},"line":16},"2":{"name":"(anonymous_2)","decl":{"start":{"line":22,"column":39},"end":{"line":22,"column":40}},"loc":{"start":{"line":22,"column":51},"end":{"line":24,"column":5}},"line":22},"3":{"name":"(anonymous_3)","decl":{"start":{"line":25,"column":13},"end":{"line":25,"column":14}},"loc":{"start":{"line":25,"column":22},"end":{"line":27,"column":7}},"line":25},"4":{"name":"(anonymous_4)","decl":{"start":{"line":30,"column":2},"end":{"line":30,"column":3}},"loc":{"start":{"line":30,"column":32},"end":{"line":44,"column":3}},"line":30},"5":{"name":"(anonymous_5)","decl":{"start":{"line":46,"column":2},"end":{"line":46,"column":3}},"loc":{"start":{"line":46,"column":22},"end":{"line":61,"column":3}},"line":46},"6":{"name":"(anonymous_6)","decl":{"start":{"line":47,"column":29},"end":{"line":47,"column":30}},"loc":{"start":{"line":47,"column":35},"end":{"line":60,"column":5}},"line":47},"7":{"name":"(anonymous_7)","decl":{"start":{"line":52,"column":28},"end":{"line":52,"column":29}},"loc":{"start":{"line":52,"column":40},"end":{"line":56,"column":7}},"line":52},"8":{"name":"(anonymous_8)","decl":{"start":{"line":57,"column":13},"end":{"line":57,"column":14}},"loc":{"start":{"line":57,"column":22},"end":{"line":59,"column":7}},"line":57},"9":{"name":"(anonymous_9)","decl":{"start":{"line":63,"column":2},"end":{"line":63,"column":3}},"loc":{"start":{"line":63,"column":22},"end":{"line":76,"column":3}},"line":63},"10":{"name":"(anonymous_10)","decl":{"start":{"line":68,"column":27},"end":{"line":68,"column":28}},"loc":{"start":{"line":68,"column":39},"end":{"line":72,"column":5}},"line":68},"11":{"name":"(anonymous_11)","decl":{"start":{"line":73,"column":11},"end":{"line":73,"column":12}},"loc":{"start":{"line":73,"column":20},"end":{"line":75,"column":5}},"line":73},"12":{"name":"(anonymous_12)","decl":{"start":{"line":78,"column":2},"end":{"line":78,"column":3}},"loc":{"start":{"line":78,"column":11},"end":{"line":90,"column":3}},"line":78}},"branchMap":{"0":{"loc":{"start":{"line":31,"column":4},"end":{"line":43,"column":5}},"type":"if","locations":[{"start":{"line":31,"column":4},"end":{"line":43,"column":5}},{"start":{"line":35,"column":11},"end":{"line":43,"column":5}}],"line":31},"1":{"loc":{"start":{"line":35,"column":11},"end":{"line":43,"column":5}},"type":"if","locations":[{"start":{"line":35,"column":11},"end":{"line":43,"column":5}},{"start":{"line":39,"column":11},"end":{"line":43,"column":5}}],"line":35},"2":{"loc":{"start":{"line":39,"column":11},"end":{"line":43,"column":5}},"type":"if","locations":[{"start":{"line":39,"column":11},"end":{"line":43,"column":5}},{"start":{},"end":{}}],"line":39}},"s":{"0":9,"1":9,"2":9,"3":9,"4":0,"5":0,"6":0,"7":0,"8":0,"9":0,"10":0,"11":0,"12":0,"13":0,"14":0,"15":0,"16":0,"17":9,"18":9,"19":0,"20":0,"21":9},"f":{"0":9,"1":9,"2":0,"3":0,"4":0,"5":0,"6":0,"7":0,"8":0,"9":9,"10":0,"11":0,"12":9},"b":{"0":[0,0],"1":[0,0],"2":[0,0]},"_coverageSchema":"1a1c01bbd47fc00a2c39e90264f33305004495a9","hash":"59bae83a2af844caa479dc21200ffc1586b0626b"}
,"/Users/julieyu/Documents/hack-reactor/fec/client/components/Reviews/ReviewsList.jsx": {"path":"/Users/julieyu/Documents/hack-reactor/fec/client/components/Reviews/ReviewsList.jsx","statementMap":{"0":{"start":{"line":8,"column":4},"end":{"line":8,"column":17}},"1":{"start":{"line":9,"column":4},"end":{"line":11,"column":6}},"2":{"start":{"line":15,"column":4},"end":{"line":17,"column":7}},"3":{"start":{"line":21,"column":4},"end":{"line":23,"column":5}},"4":{"start":{"line":22,"column":6},"end":{"line":22,"column":83}},"5":{"start":{"line":27,"column":4},"end":{"line":43,"column":6}},"6":{"start":{"line":32,"column":49},"end":{"line":32,"column":71}},"7":{"start":{"line":33,"column":12},"end":{"line":35,"column":14}}},"fnMap":{"0":{"name":"(anonymous_0)","decl":{"start":{"line":7,"column":2},"end":{"line":7,"column":3}},"loc":{"start":{"line":7,"column":21},"end":{"line":12,"column":3}},"line":7},"1":{"name":"(anonymous_1)","decl":{"start":{"line":14,"column":2},"end":{"line":14,"column":3}},"loc":{"start":{"line":14,"column":20},"end":{"line":18,"column":3}},"line":14},"2":{"name":"(anonymous_2)","decl":{"start":{"line":20,"column":2},"end":{"line":20,"column":3}},"loc":{"start":{"line":20,"column":22},"end":{"line":24,"column":3}},"line":20},"3":{"name":"(anonymous_3)","decl":{"start":{"line":26,"column":2},"end":{"line":26,"column":3}},"loc":{"start":{"line":26,"column":11},"end":{"line":44,"column":3}},"line":26},"4":{"name":"(anonymous_4)","decl":{"start":{"line":32,"column":34},"end":{"line":32,"column":35}},"loc":{"start":{"line":32,"column":49},"end":{"line":32,"column":71}},"line":32},"5":{"name":"(anonymous_5)","decl":{"start":{"line":32,"column":77},"end":{"line":32,"column":78}},"loc":{"start":{"line":32,"column":96},"end":{"line":36,"column":11}},"line":32}},"branchMap":{"0":{"loc":{"start":{"line":21,"column":4},"end":{"line":23,"column":5}},"type":"if","locations":[{"start":{"line":21,"column":4},"end":{"line":23,"column":5}},{"start":{},"end":{}}],"line":21}},"s":{"0":9,"1":9,"2":0,"3":9,"4":9,"5":9,"6":4,"7":2},"f":{"0":9,"1":0,"2":9,"3":9,"4":4,"5":2},"b":{"0":[9,0]},"_coverageSchema":"1a1c01bbd47fc00a2c39e90264f33305004495a9","hash":"79cbb904c60b3a63cbfd228d1b6e772aad36ae68"}
,"/Users/julieyu/Documents/hack-reactor/fec/client/components/Reviews/ReviewsListEntry.jsx": {"path":"/Users/julieyu/Documents/hack-reactor/fec/client/components/Reviews/ReviewsListEntry.jsx","statementMap":{"0":{"start":{"line":6,"column":4},"end":{"line":6,"column":18}},"1":{"start":{"line":7,"column":4},"end":{"line":9,"column":5}},"2":{"start":{"line":12,"column":4},"end":{"line":14,"column":5}},"3":{"start":{"line":13,"column":6},"end":{"line":13,"column":44}},"4":{"start":{"line":18,"column":17},"end":{"line":18,"column":46}},"5":{"start":{"line":19,"column":20},"end":{"line":19,"column":35}},"6":{"start":{"line":20,"column":6},"end":{"line":20,"column":22}},"7":{"start":{"line":21,"column":6},"end":{"line":21,"column":37}},"8":{"start":{"line":22,"column":6},"end":{"line":22,"column":31}},"9":{"start":{"line":26,"column":6},"end":{"line":28,"column":7}},"10":{"start":{"line":27,"column":8},"end":{"line":27,"column":45}},"11":{"start":{"line":32,"column":6},"end":{"line":48,"column":8}}},"fnMap":{"0":{"name":"(anonymous_0)","decl":{"start":{"line":5,"column":2},"end":{"line":5,"column":3}},"loc":{"start":{"line":5,"column":21},"end":{"line":10,"column":3}},"line":5},"1":{"name":"(anonymous_1)","decl":{"start":{"line":11,"column":2},"end":{"line":11,"column":3}},"loc":{"start":{"line":11,"column":20},"end":{"line":15,"column":3}},"line":11},"2":{"name":"(anonymous_2)","decl":{"start":{"line":17,"column":2},"end":{"line":17,"column":3}},"loc":{"start":{"line":17,"column":20},"end":{"line":23,"column":5}},"line":17},"3":{"name":"(anonymous_3)","decl":{"start":{"line":25,"column":4},"end":{"line":25,"column":5}},"loc":{"start":{"line":25,"column":18},"end":{"line":29,"column":5}},"line":25},"4":{"name":"(anonymous_4)","decl":{"start":{"line":31,"column":4},"end":{"line":31,"column":5}},"loc":{"start":{"line":31,"column":13},"end":{"line":49,"column":5}},"line":31}},"branchMap":{"0":{"loc":{"start":{"line":12,"column":4},"end":{"line":14,"column":5}},"type":"if","locations":[{"start":{"line":12,"column":4},"end":{"line":14,"column":5}},{"start":{},"end":{}}],"line":12},"1":{"loc":{"start":{"line":26,"column":6},"end":{"line":28,"column":7}},"type":"if","locations":[{"start":{"line":26,"column":6},"end":{"line":28,"column":7}},{"start":{},"end":{}}],"line":26}},"s":{"0":2,"1":2,"2":2,"3":1,"4":2,"5":2,"6":2,"7":2,"8":2,"9":2,"10":0,"11":2},"f":{"0":2,"1":2,"2":2,"3":2,"4":2},"b":{"0":[1,1],"1":[0,2]},"_coverageSchema":"1a1c01bbd47fc00a2c39e90264f33305004495a9","hash":"8230268e119ad7a0842108935dee218d285e387a"}
,"/Users/julieyu/Documents/hack-reactor/fec/client/components/Reviews/SortBy.jsx": {"path":"/Users/julieyu/Documents/hack-reactor/fec/client/components/Reviews/SortBy.jsx","statementMap":{"0":{"start":{"line":4,"column":15},"end":{"line":16,"column":1}},"1":{"start":{"line":5,"column":2},"end":{"line":15,"column":4}}},"fnMap":{"0":{"name":"(anonymous_0)","decl":{"start":{"line":4,"column":15},"end":{"line":4,"column":16}},"loc":{"start":{"line":4,"column":26},"end":{"line":16,"column":1}},"line":4}},"branchMap":{},"s":{"0":4,"1":9},"f":{"0":9},"b":{},"_coverageSchema":"1a1c01bbd47fc00a2c39e90264f33305004495a9","hash":"f39f7037f49b157438ac6bfec590c5c730e34c61"}
}
