TN:
SF:client/components/TempTopBanner.jsx
FN:3,(anonymous_0)
FNF:1
FNH:1
FNDA:7,(anonymous_0)
DA:3,4
DA:5,7
LF:2
LH:2
BRF:0
BRH:0
end_of_record
TN:
SF:client/components/app.jsx
FN:9,(anonymous_0)
FN:17,(anonymous_1)
FNF:2
FNH:2
FNDA:7,(anonymous_0)
FNDA:7,(anonymous_1)
DA:10,7
DA:11,7
DA:18,7
LF:3
LH:3
BRF:0
BRH:0
end_of_record
TN:
SF:client/components/Global/Price.jsx
FN:3,(anonymous_0)
FNF:1
FNH:0
FNDA:0,(anonymous_0)
DA:3,5
DA:4,0
DA:5,0
DA:12,0
LF:4
LH:1
BRDA:4,0,0,0
BRDA:4,0,1,0
BRF:2
BRH:0
end_of_record
TN:
SF:client/components/Global/Stars.jsx
FN:13,(anonymous_0)
FN:16,(anonymous_1)
FN:22,(anonymous_2)
FN:25,(anonymous_3)
FN:30,(anonymous_4)
FN:52,(anonymous_5)
FNF:6
FNH:3
FNDA:8,(anonymous_0)
FNDA:8,(anonymous_1)
FNDA:0,(anonymous_2)
FNDA:0,(anonymous_3)
FNDA:0,(anonymous_4)
FNDA:8,(anonymous_5)
DA:5,4
DA:13,4
DA:14,8
DA:16,8
DA:17,8
DA:22,8
DA:23,0
DA:26,0
DA:30,8
DA:31,0
DA:32,0
DA:33,0
DA:34,0
DA:36,0
DA:37,0
DA:38,0
DA:41,0
DA:42,0
DA:43,0
DA:45,0
DA:46,0
DA:52,8
DA:53,8
DA:55,8
DA:56,8
DA:57,0
DA:58,0
DA:60,0
DA:61,0
DA:62,0
DA:66,8
DA:67,8
LF:32
LH:13
BRDA:36,0,0,0
BRDA:36,0,1,0
BRDA:36,1,0,0
BRDA:36,1,1,0
BRDA:41,2,0,0
BRDA:41,2,1,0
BRDA:55,3,0,8
BRDA:55,3,1,0
BRDA:57,4,0,0
BRDA:57,4,1,0
BRF:10
BRH:1
end_of_record
TN:
SF:client/components/ProductOverview/AddToCart.jsx
FN:4,(anonymous_0)
FNF:1
FNH:1
FNDA:7,(anonymous_0)
DA:4,4
DA:6,7
LF:2
LH:2
BRF:0
BRH:0
end_of_record
TN:
SF:client/components/ProductOverview/ImageGallery.jsx
FN:10,(anonymous_0)
FNF:1
FNH:1
FNDA:7,(anonymous_0)
DA:10,4
DA:11,7
LF:2
LH:2
BRF:0
BRH:0
end_of_record
TN:
SF:client/components/ProductOverview/ProductOverview.jsx
FN:13,(anonymous_0)
FN:28,(anonymous_1)
FN:36,(anonymous_2)
FN:42,(anonymous_3)
FN:45,(anonymous_4)
FN:55,(anonymous_5)
FNF:6
FNH:3
FNDA:7,(anonymous_0)
FNDA:7,(anonymous_1)
FNDA:0,(anonymous_2)
FNDA:0,(anonymous_3)
FNDA:0,(anonymous_4)
FNDA:7,(anonymous_5)
DA:14,7
DA:15,7
DA:37,0
DA:43,0
DA:46,0
DA:57,7
LF:6
LH:3
BRF:0
BRH:0
end_of_record
TN:
SF:client/components/ProductOverview/StyleSelector.jsx
FN:4,(anonymous_0)
FNF:1
FNH:1
FNDA:7,(anonymous_0)
DA:4,4
DA:6,7
LF:2
LH:2
BRF:0
BRH:0
end_of_record
TN:
SF:client/components/ProductOverview/ImageGalleryDir/ArrowLeft.jsx
FN:4,(anonymous_0)
FNF:1
FNH:1
FNDA:7,(anonymous_0)
DA:4,4
DA:6,7
LF:2
LH:2
BRF:0
BRH:0
end_of_record
TN:
SF:client/components/ProductOverview/ImageGalleryDir/ArrowRight.jsx
FN:6,(anonymous_0)
FNF:1
FNH:1
FNDA:7,(anonymous_0)
DA:6,4
DA:10,7
LF:2
LH:2
BRF:0
BRH:0
end_of_record
TN:
SF:client/components/ProductOverview/ImageGalleryDir/FullScreen.jsx
FN:5,(anonymous_0)
FNF:1
FNH:1
FNDA:7,(anonymous_0)
DA:5,4
DA:10,7
LF:2
LH:2
BRF:0
BRH:0
end_of_record
TN:
SF:client/components/ProductOverview/ImageGalleryDir/Thumbnail.jsx
FN:4,(anonymous_0)
FNF:1
FNH:1
FNDA:35,(anonymous_0)
DA:4,4
DA:6,35
LF:2
LH:2
BRF:0
BRH:0
end_of_record
TN:
SF:client/components/ProductOverview/ImageGalleryDir/ThumbnailsBar.jsx
FN:5,(anonymous_0)
FNF:1
FNH:1
FNDA:7,(anonymous_0)
DA:5,4
DA:7,7
LF:2
LH:2
BRF:0
BRH:0
end_of_record
TN:
SF:client/components/QA/Answer.jsx
FN:4,(anonymous_0)
FN:6,(anonymous_1)
FNF:2
FNH:2
FNDA:3,(anonymous_0)
FNDA:3,(anonymous_1)
DA:4,4
DA:6,3
DA:7,3
DA:11,3
DA:14,3
LF:5
LH:5
BRF:0
BRH:0
end_of_record
TN:
SF:client/components/QA/QA.jsx
FN:7,(anonymous_0)
FN:15,(anonymous_1)
FN:22,(anonymous_2)
FN:27,(anonymous_3)
FN:32,(anonymous_4)
FNF:5
FNH:3
FNDA:7,(anonymous_0)
FNDA:7,(anonymous_1)
FNDA:0,(anonymous_2)
FNDA:0,(anonymous_3)
FNDA:7,(anonymous_4)
DA:8,7
DA:9,7
DA:17,7
DA:23,0
DA:28,0
DA:33,7
LF:6
LH:4
BRF:0
BRH:0
end_of_record
TN:
SF:client/components/QA/Q_A.jsx
FN:6,(anonymous_0)
FN:13,(anonymous_1)
FN:37,(anonymous_2)
FN:46,(anonymous_3)
FN:55,(anonymous_4)
FNF:5
FNH:1
FNDA:8,(anonymous_0)
FNDA:0,(anonymous_1)
FNDA:0,(anonymous_2)
FNDA:0,(anonymous_3)
FNDA:0,(anonymous_4)
DA:6,4
DA:8,8
DA:9,8
DA:10,8
DA:12,8
DA:13,8
DA:14,0
DA:15,0
DA:16,0
DA:18,0
DA:23,8
DA:24,0
DA:27,8
DA:28,8
DA:33,0
DA:34,0
DA:38,0
DA:46,0
DA:52,0
DA:56,0
LF:20
LH:9
BRDA:15,0,0,0
BRDA:15,0,1,0
BRDA:23,1,0,0
BRDA:23,1,1,8
BRDA:27,2,0,8
BRDA:27,2,1,0
BRDA:33,3,0,0
BRDA:33,3,1,0
BRF:8
BRH:2
end_of_record
TN:
SF:client/components/QA/Question.jsx
FN:6,(anonymous_0)
FN:9,(anonymous_1)
FN:13,(anonymous_2)
FN:31,(anonymous_3)
FN:57,(anonymous_4)
FN:69,(anonymous_5)
FN:78,(anonymous_6)
FN:90,(anonymous_7)
FN:99,(anonymous_8)
FNF:9
FNH:5
FNDA:1,(anonymous_0)
FNDA:1,(anonymous_1)
FNDA:9,(anonymous_2)
FNDA:1,(anonymous_3)
FNDA:2,(anonymous_4)
FNDA:0,(anonymous_5)
FNDA:0,(anonymous_6)
FNDA:0,(anonymous_7)
FNDA:0,(anonymous_8)
DA:6,4
DA:7,1
DA:8,1
DA:9,1
DA:10,1
DA:13,1
DA:14,9
DA:17,1
DA:18,1
DA:19,9
DA:20,0
DA:21,0
DA:25,1
DA:27,1
DA:29,1
DA:31,1
DA:32,1
DA:33,2
DA:34,0
DA:36,2
DA:40,1
DA:41,1
DA:44,1
DA:45,0
DA:51,1
DA:52,1
DA:58,2
DA:69,0
DA:72,0
DA:73,0
DA:79,0
DA:90,0
DA:94,0
DA:100,0
LF:34
LH:23
BRDA:19,0,0,0
BRDA:19,0,1,9
BRDA:33,1,0,0
BRDA:33,1,1,2
BRDA:40,2,0,1
BRDA:40,2,1,0
BRDA:44,3,0,0
BRDA:44,3,1,1
BRDA:51,4,0,1
BRDA:51,4,1,0
BRDA:72,5,0,0
BRDA:72,5,1,0
BRDA:72,6,0,0
BRDA:72,6,1,0
BRF:14
BRH:5
end_of_record
TN:
SF:client/components/QA/Search.jsx
FN:3,(anonymous_0)
FNF:1
FNH:1
FNDA:8,(anonymous_0)
DA:3,4
DA:4,8
LF:2
LH:2
BRF:0
BRH:0
end_of_record
TN:
SF:client/components/Related/ActionButton.jsx
FN:3,(anonymous_0)
FN:6,(anonymous_1)
FNF:2
FNH:0
FNDA:0,(anonymous_0)
FNDA:0,(anonymous_1)
DA:3,5
DA:4,0
DA:6,0
DA:7,0
DA:8,0
DA:13,0
DA:14,0
DA:16,0
DA:19,0
LF:9
LH:1
BRDA:13,0,0,0
BRDA:13,0,1,0
BRF:2
BRH:0
end_of_record
TN:
SF:client/components/Related/LeftButton.jsx
FN:3,(anonymous_0)
FNF:1
FNH:1
FNDA:14,(anonymous_0)
DA:3,5
DA:4,14
LF:2
LH:2
BRF:0
BRH:0
end_of_record
TN:
SF:client/components/Related/Outfit.jsx
FN:6,(anonymous_0)
FN:7,(anonymous_1)
FNF:2
FNH:1
FNDA:7,(anonymous_0)
FNDA:0,(anonymous_1)
DA:6,5
DA:7,7
DA:8,0
DA:24,7
LF:4
LH:3
BRF:0
BRH:0
end_of_record
TN:
SF:client/components/Related/ProductCard.jsx
FN:6,(anonymous_0)
FN:8,(anonymous_1)
FN:12,(anonymous_2)
FNF:3
FNH:0
FNDA:0,(anonymous_0)
FNDA:0,(anonymous_1)
FNDA:0,(anonymous_2)
DA:6,5
DA:7,0
DA:8,0
DA:9,0
DA:12,0
DA:13,0
DA:19,0
DA:20,0
DA:24,0
DA:30,0
LF:10
LH:1
BRDA:19,0,0,0
BRDA:19,0,1,0
BRDA:24,1,0,0
BRDA:24,1,1,0
BRDA:48,2,0,0
BRDA:48,2,1,0
BRF:6
BRH:0
end_of_record
TN:
SF:client/components/Related/ProductComparison.jsx
FN:3,(anonymous_0)
FNF:1
FNH:0
FNDA:0,(anonymous_0)
DA:3,5
DA:4,0
LF:2
LH:1
BRF:0
BRH:0
end_of_record
TN:
SF:client/components/Related/Related.jsx
FN:7,(anonymous_0)
FN:12,(anonymous_1)
FN:14,(anonymous_2)
FN:17,(anonymous_3)
FN:22,(anonymous_4)
FN:28,(anonymous_5)
FN:36,(anonymous_6)
FNF:7
FNH:2
FNDA:8,(anonymous_0)
FNDA:7,(anonymous_1)
FNDA:0,(anonymous_2)
FNDA:0,(anonymous_3)
FNDA:0,(anonymous_4)
FNDA:0,(anonymous_5)
FNDA:0,(anonymous_6)
DA:7,5
DA:8,8
DA:9,8
DA:10,8
DA:12,8
DA:13,7
DA:15,0
DA:18,0
DA:22,8
DA:23,0
DA:24,0
DA:26,0
DA:28,0
DA:29,0
DA:30,0
DA:31,0
DA:36,0
DA:37,0
DA:38,0
DA:40,0
DA:44,8
LF:21
LH:8
BRDA:23,0,0,0
BRDA:23,0,1,0
BRDA:26,1,0,0
BRDA:26,1,1,0
BRDA:30,2,0,0
BRDA:30,2,1,0
BRF:6
BRH:0
end_of_record
TN:
SF:client/components/Related/RelatedProducts.jsx
FN:6,(anonymous_0)
FN:7,(anonymous_1)
FNF:2
FNH:1
FNDA:7,(anonymous_0)
FNDA:0,(anonymous_1)
DA:6,5
DA:7,7
DA:8,0
DA:24,7
LF:4
LH:3
BRF:0
BRH:0
end_of_record
TN:
SF:client/components/Related/RightButton.jsx
FN:3,(anonymous_0)
FNF:1
FNH:1
FNDA:14,(anonymous_0)
DA:3,5
DA:4,14
LF:2
LH:2
BRF:0
BRH:0
end_of_record
TN:
SF:client/components/Reviews/Ratings.jsx
FN:5,(anonymous_0)
FN:10,(anonymous_1)
FNF:2
FNH:2
FNDA:8,(anonymous_0)
FNDA:8,(anonymous_1)
DA:6,8
DA:11,8
LF:2
LH:2
BRF:0
BRH:0
end_of_record
TN:
SF:client/components/Reviews/Reviews.jsx
FN:7,(anonymous_0)
FN:16,(anonymous_1)
FN:22,(anonymous_2)
FN:25,(anonymous_3)
FN:30,(anonymous_4)
FN:46,(anonymous_5)
FN:47,(anonymous_6)
FN:52,(anonymous_7)
FN:57,(anonymous_8)
FN:63,(anonymous_9)
FN:68,(anonymous_10)
FN:73,(anonymous_11)
FN:78,(anonymous_12)
FNF:13
FNH:4
FNDA:9,(anonymous_0)
FNDA:9,(anonymous_1)
FNDA:0,(anonymous_2)
FNDA:0,(anonymous_3)
FNDA:0,(anonymous_4)
FNDA:0,(anonymous_5)
FNDA:0,(anonymous_6)
FNDA:0,(anonymous_7)
FNDA:0,(anonymous_8)
FNDA:9,(anonymous_9)
FNDA:0,(anonymous_10)
FNDA:0,(anonymous_11)
FNDA:9,(anonymous_12)
DA:8,9
DA:9,9
DA:17,9
DA:22,9
DA:23,0
DA:26,0
DA:31,0
DA:32,0
DA:35,0
DA:36,0
DA:39,0
DA:40,0
DA:47,0
DA:48,0
DA:52,0
DA:53,0
DA:58,0
DA:64,9
DA:68,9
DA:69,0
DA:74,0
DA:79,9
LF:22
LH:7
BRDA:31,0,0,0
BRDA:31,0,1,0
BRDA:35,1,0,0
BRDA:35,1,1,0
BRDA:39,2,0,0
BRDA:39,2,1,0
BRF:6
BRH:0
end_of_record
TN:
SF:client/components/Reviews/ReviewsList.jsx
FN:7,(anonymous_0)
FN:14,(anonymous_1)
FN:20,(anonymous_2)
FN:26,(anonymous_3)
FN:32,(anonymous_4)
FN:32,(anonymous_5)
FNF:6
FNH:5
FNDA:9,(anonymous_0)
FNDA:0,(anonymous_1)
FNDA:9,(anonymous_2)
FNDA:9,(anonymous_3)
FNDA:4,(anonymous_4)
FNDA:2,(anonymous_5)
DA:8,9
DA:9,9
DA:15,0
DA:21,9
DA:22,9
DA:27,9
DA:32,4
DA:33,2
LF:8
LH:7
BRDA:21,0,0,9
BRDA:21,0,1,0
BRF:2
BRH:1
end_of_record
TN:
SF:client/components/Reviews/ReviewsListEntry.jsx
FN:5,(anonymous_0)
FN:11,(anonymous_1)
FN:17,(anonymous_2)
FN:25,(anonymous_3)
FN:31,(anonymous_4)
FNF:5
FNH:5
FNDA:2,(anonymous_0)
FNDA:2,(anonymous_1)
FNDA:2,(anonymous_2)
FNDA:2,(anonymous_3)
FNDA:2,(anonymous_4)
DA:6,2
DA:7,2
DA:12,2
DA:13,1
DA:18,2
DA:19,2
DA:20,2
DA:21,2
DA:22,2
DA:26,2
DA:27,0
DA:32,2
LF:12
LH:11
BRDA:12,0,0,1
BRDA:12,0,1,1
BRDA:26,1,0,0
BRDA:26,1,1,2
BRF:4
BRH:3
end_of_record
TN:
SF:client/components/Reviews/SortBy.jsx
FN:4,(anonymous_0)
FNF:1
FNH:1
FNDA:9,(anonymous_0)
DA:4,4
DA:5,9
LF:2
LH:2
BRF:0
BRH:0
end_of_record
